#
# There is insufficient memory for the Java Runtime Environment to continue.
# Native memory allocation (mmap) failed to map 34603008 bytes for Failed to commit area from 0x0000000088c00000 to 0x000000008ad00000 of length 34603008.
# Possible reasons:
#   The system is out of physical RAM or swap space
#   The process is running with CompressedOops enabled, and the Java Heap may be blocking the growth of the native heap
# Possible solutions:
#   Reduce memory load on the system
#   Increase physical memory or swap space
#   Check if swap backing store is full
#   Decrease Java heap size (-Xmx/-Xms)
#   Decrease number of Java threads
#   Decrease Java thread stack sizes (-Xss)
#   Set larger code cache with -XX:ReservedCodeCacheSize=
#   JVM is running with Unscaled Compressed Oops mode in which the Java heap is
#     placed in the first 4GB address space. The Java Heap base address is the
#     maximum limit for the native heap growth. Please use -XX:HeapBaseMinAddress
#     to set the Java Heap base and to place the Java Heap above 4GB virtual address.
# This output file may be truncated or incomplete.
#
#  Out of Memory Error (./src/hotspot/os/windows/os_windows.cpp:3301), pid=22396, tid=25116
#
# JRE version: OpenJDK Runtime Environment (11.0.10) (build 11.0.10+0-b96-7249189)
# Java VM: OpenJDK 64-Bit Server VM (11.0.10+0-b96-7249189, mixed mode, tiered, compressed oops, g1 gc, windows-amd64)
# No core dump will be written. Minidumps are not enabled by default on client versions of Windows
#

---------------  S U M M A R Y ------------

Command Line: --add-opens=java.base/java.util=ALL-UNNAMED --add-opens=java.base/java.lang=ALL-UNNAMED --add-opens=java.base/java.lang.invoke=ALL-UNNAMED --add-opens=java.base/java.util=ALL-UNNAMED --add-opens=java.prefs/java.util.prefs=ALL-UNNAMED --add-opens=java.prefs/java.util.prefs=ALL-UNNAMED --add-opens=java.base/java.nio.charset=ALL-UNNAMED --add-opens=java.base/java.net=ALL-UNNAMED --add-opens=java.base/java.util.concurrent.atomic=ALL-UNNAMED -Xmx2048m -Dfile.encoding=UTF-8 -Duser.country=IN -Duser.language=en -Duser.variant org.gradle.launcher.daemon.bootstrap.GradleDaemon 7.0.2

Host: AMD Ryzen 5 3500U with Radeon Vega Mobile Gfx  , 8 cores, 5G,  Windows 10 , 64 bit Build 19041 (10.0.19041.1202)
Time: Mon Oct  4 11:36:37 2021 India Standard Time elapsed time: 19.416182 seconds (0d 0h 0m 19s)

---------------  T H R E A D  ---------------

Current thread (0x000001eac91e3000):  VMThread "VM Thread" [stack: 0x000000524ea00000,0x000000524eb00000] [id=25116]

Stack: [0x000000524ea00000,0x000000524eb00000]
[error occurred during error reporting (printing stack bounds), id 0xc0000005, EXCEPTION_ACCESS_VIOLATION (0xc0000005) at pc=0x000001eab20c0f2d]

Native frames: (J=compiled Java code, j=interpreted, Vv=VM code, C=native code)
V  [jvm.dll+0x5ecfaa]
V  [jvm.dll+0x722bd5]
V  [jvm.dll+0x72412d]
V  [jvm.dll+0x724745]
V  [jvm.dll+0x7246fb]
V  [jvm.dll+0x5ec348]
V  [jvm.dll+0x5ecad8]
C  [ntdll.dll+0xa20cf]
C  [ntdll.dll+0x51454]
C  [ntdll.dll+0xa0bfe]
C  0x000001eab20c0f2d

VM_Operation (0x00000052533fce30): G1CollectForAllocation, mode: safepoint, requested by thread 0x000001eacc3dd800


---------------  P R O C E S S  ---------------

Threads class SMR info:
_java_thread_list=0x000001eacf6d1520, length=65, elements={
0x000001eaacdfa800, 0x000001eac91e4800, 0x000001eac91e6000, 0x000001eac9202000,
0x000001eac9202800, 0x000001eac9203800, 0x000001eac9212000, 0x000001eac9213000,
0x000001eac921e800, 0x000001eac9cf4800, 0x000001eacbb04800, 0x000001eacc153800,
0x000001eacbe30800, 0x000001eacaf21000, 0x000001eacaf22000, 0x000001eacb2db000,
0x000001eacb73e800, 0x000001eacb242000, 0x000001eacbdc8800, 0x000001eacbb36000,
0x000001eacbb30800, 0x000001eacbb37000, 0x000001eacbb32000, 0x000001eacbb33800,
0x000001eacbb33000, 0x000001eacbb31000, 0x000001eacbb34800, 0x000001eacbb35800,
0x000001eacdae7800, 0x000001eacdaea000, 0x000001eacdaeb000, 0x000001eacdae5000,
0x000001eacdae8800, 0x000001eacdaef000, 0x000001eacdaed800, 0x000001eacdaee000,
0x000001eacdaef800, 0x000001eacdaf0800, 0x000001eacdaf1800, 0x000001eacdaf2000,
0x000001eacdaec800, 0x000001eacdaf3000, 0x000001eacf6c4000, 0x000001eacf6c1800,
0x000001eacf6c2800, 0x000001eacf6c3800, 0x000001eacf6be800, 0x000001eacf6c5000,
0x000001eacf6bf000, 0x000001eacf6c5800, 0x000001eacf6c6800, 0x000001eacf6c1000,
0x000001eacf6c9000, 0x000001eacf6c8000, 0x000001eacf6cb800, 0x000001eacf6cc800,
0x000001eacf6ca000, 0x000001eacf6cd000, 0x000001eacf6ca800, 0x000001eacf6c7800,
0x000001eacdae6800, 0x000001eacc3d6000, 0x000001eacc3d7000, 0x000001eacc3d7800,
0x000001eacc3dd800
}

Java Threads: ( => current thread )
  0x000001eaacdfa800 JavaThread "main" [_thread_blocked, id=23544, stack(0x000000524e400000,0x000000524e500000)]
  0x000001eac91e4800 JavaThread "Reference Handler" daemon [_thread_blocked, id=18476, stack(0x000000524eb00000,0x000000524ec00000)]
  0x000001eac91e6000 JavaThread "Finalizer" daemon [_thread_blocked, id=9644, stack(0x000000524ec00000,0x000000524ed00000)]
  0x000001eac9202000 JavaThread "Signal Dispatcher" daemon [_thread_blocked, id=17648, stack(0x000000524ed00000,0x000000524ee00000)]
  0x000001eac9202800 JavaThread "Attach Listener" daemon [_thread_blocked, id=25120, stack(0x000000524ee00000,0x000000524ef00000)]
  0x000001eac9203800 JavaThread "Service Thread" daemon [_thread_blocked, id=16716, stack(0x000000524ef00000,0x000000524f000000)]
  0x000001eac9212000 JavaThread "C2 CompilerThread0" daemon [_thread_blocked, id=3100, stack(0x000000524f000000,0x000000524f100000)]
  0x000001eac9213000 JavaThread "C1 CompilerThread0" daemon [_thread_blocked, id=2896, stack(0x000000524f100000,0x000000524f200000)]
  0x000001eac921e800 JavaThread "Sweeper thread" daemon [_thread_blocked, id=24028, stack(0x000000524f200000,0x000000524f300000)]
  0x000001eac9cf4800 JavaThread "Common-Cleaner" daemon [_thread_blocked, id=16496, stack(0x000000524f300000,0x000000524f400000)]
  0x000001eacbb04800 JavaThread "Daemon health stats" [_thread_blocked, id=17448, stack(0x000000524f800000,0x000000524f900000)]
  0x000001eacc153800 JavaThread "Incoming local TCP Connector on port 55986" [_thread_in_native, id=5304, stack(0x000000524f500000,0x000000524f600000)]
  0x000001eacbe30800 JavaThread "Daemon periodic checks" [_thread_blocked, id=17760, stack(0x000000524f600000,0x000000524f700000)]
  0x000001eacaf21000 JavaThread "Daemon" [_thread_blocked, id=24744, stack(0x000000524fb00000,0x000000524fc00000)]
  0x000001eacaf22000 JavaThread "Handler for socket connection from /127.0.0.1:55986 to /127.0.0.1:55987" [_thread_in_native, id=11612, stack(0x000000524fc00000,0x000000524fd00000)]
  0x000001eacb2db000 JavaThread "Cancel handler" [_thread_blocked, id=8948, stack(0x000000524fd00000,0x000000524fe00000)]
  0x000001eacb73e800 JavaThread "Daemon worker" [_thread_blocked, id=21756, stack(0x000000524fe00000,0x000000524ff00000)]
  0x000001eacb242000 JavaThread "Asynchronous log dispatcher for DefaultDaemonConnection: socket connection from /127.0.0.1:55986 to /127.0.0.1:55987" [_thread_blocked, id=24940, stack(0x000000524ff00000,0x0000005250000000)]
  0x000001eacbdc8800 JavaThread "Stdin handler" [_thread_blocked, id=19796, stack(0x0000005250000000,0x0000005250100000)]
  0x000001eacbb36000 JavaThread "Daemon client event forwarder" [_thread_blocked, id=11836, stack(0x0000005250100000,0x0000005250200000)]
  0x000001eacbb30800 JavaThread "Cache worker for file hash cache (C:\Users\souvik dey\.gradle\caches\7.0.2\fileHashes)" [_thread_blocked, id=2092, stack(0x0000005250200000,0x0000005250300000)]
  0x000001eacbb37000 JavaThread "File lock request listener" [_thread_in_native, id=22260, stack(0x0000005250300000,0x0000005250400000)]
  0x000001eacbb32000 JavaThread "Cache worker for journal cache (C:\Users\souvik dey\.gradle\caches\journal-1)" [_thread_blocked, id=24428, stack(0x0000005250900000,0x0000005250a00000)]
  0x000001eacbb33800 JavaThread "Cache worker for file hash cache (E:\my programming\android projects\lifetime calculator\.gradle\7.0.2\fileHashes)" [_thread_blocked, id=2912, stack(0x0000005250a00000,0x0000005250b00000)]
  0x000001eacbb33000 JavaThread "File watcher server" daemon [_thread_blocked, id=17464, stack(0x0000005250b00000,0x0000005250c00000)]
  0x000001eacbb31000 JavaThread "File watcher consumer" daemon [_thread_blocked, id=19020, stack(0x0000005250c00000,0x0000005250d00000)]
  0x000001eacbb34800 JavaThread "Cache worker for checksums cache (E:\my programming\android projects\lifetime calculator\.gradle\checksums)" [_thread_blocked, id=21656, stack(0x0000005250d00000,0x0000005250e00000)]
  0x000001eacbb35800 JavaThread "Cache worker for cache directory md-supplier (C:\Users\souvik dey\.gradle\caches\7.0.2\md-supplier)" [_thread_blocked, id=24308, stack(0x0000005250e00000,0x0000005250f00000)]
  0x000001eacdae7800 JavaThread "Cache worker for cache directory md-rule (C:\Users\souvik dey\.gradle\caches\7.0.2\md-rule)" [_thread_blocked, id=11488, stack(0x0000005251000000,0x0000005251100000)]
  0x000001eacdaea000 JavaThread "Cache worker for execution history cache (C:\Users\souvik dey\.gradle\caches\7.0.2\executionHistory)" [_thread_blocked, id=10664, stack(0x0000005251100000,0x0000005251200000)]
  0x000001eacdaeb000 JavaThread "jar transforms" [_thread_blocked, id=5752, stack(0x0000005251200000,0x0000005251300000)]
  0x000001eacdae5000 JavaThread "jar transforms Thread 2" [_thread_blocked, id=7700, stack(0x0000005251300000,0x0000005251400000)]
  0x000001eacdae8800 JavaThread "Cache worker for file content cache (C:\Users\souvik dey\.gradle\caches\7.0.2\fileContent)" [_thread_blocked, id=6756, stack(0x0000005251400000,0x0000005251500000)]
  0x000001eacdaef000 JavaThread "Cache worker for dependencies-accessors (E:\my programming\android projects\lifetime calculator\.gradle\7.0.2\dependencies-accessors)" [_thread_blocked, id=6160, stack(0x0000005251500000,0x0000005251600000)]
  0x000001eacdaed800 JavaThread "jar transforms Thread 3" [_thread_blocked, id=15280, stack(0x0000005251600000,0x0000005251700000)]
  0x000001eacdaee000 JavaThread "Cache worker for Build Output Cleanup Cache (E:\my programming\android projects\lifetime calculator\.gradle\buildOutputCleanup)" [_thread_blocked, id=13480, stack(0x0000005251700000,0x0000005251800000)]
  0x000001eacdaef800 JavaThread "Build operations" [_thread_blocked, id=20644, stack(0x0000005251800000,0x0000005251900000)]
  0x000001eacdaf0800 JavaThread "Build operations Thread 2" [_thread_blocked, id=22104, stack(0x0000005251900000,0x0000005251a00000)]
  0x000001eacdaf1800 JavaThread "Build operations Thread 3" [_thread_blocked, id=3948, stack(0x0000005251a00000,0x0000005251b00000)]
  0x000001eacdaf2000 JavaThread "Build operations Thread 4" [_thread_blocked, id=13620, stack(0x0000005251b00000,0x0000005251c00000)]
  0x000001eacdaec800 JavaThread "Build operations Thread 5" [_thread_blocked, id=14256, stack(0x0000005251c00000,0x0000005251d00000)]
  0x000001eacdaf3000 JavaThread "Build operations Thread 6" [_thread_blocked, id=24616, stack(0x0000005251d00000,0x0000005251e00000)]
  0x000001eacf6c4000 JavaThread "Build operations Thread 7" [_thread_blocked, id=21940, stack(0x0000005251e00000,0x0000005251f00000)]
  0x000001eacf6c1800 JavaThread "Build operations Thread 8" [_thread_blocked, id=24276, stack(0x0000005251f00000,0x0000005252000000)]
  0x000001eacf6c2800 JavaThread "jar transforms Thread 4" [_thread_blocked, id=19476, stack(0x0000005252000000,0x0000005252100000)]
  0x000001eacf6c3800 JavaThread "jar transforms Thread 5" [_thread_blocked, id=24820, stack(0x0000005252100000,0x0000005252200000)]
  0x000001eacf6be800 JavaThread "jar transforms Thread 6" [_thread_blocked, id=14748, stack(0x0000005252200000,0x0000005252300000)]
  0x000001eacf6c5000 JavaThread "jar transforms Thread 7" [_thread_blocked, id=20780, stack(0x0000005252300000,0x0000005252400000)]
  0x000001eacf6bf000 JavaThread "jar transforms Thread 8" [_thread_blocked, id=21056, stack(0x0000005252400000,0x0000005252500000)]
  0x000001eacf6c5800 JavaThread "Memory manager" [_thread_blocked, id=14208, stack(0x0000005250f00000,0x0000005251000000)]
  0x000001eacf6c6800 JavaThread "build event listener" [_thread_blocked, id=21588, stack(0x0000005252500000,0x0000005252600000)]
  0x000001eacf6c1000 JavaThread "pool-3-thread-1" [_thread_blocked, id=24404, stack(0x0000005252600000,0x0000005252700000)]
  0x000001eacf6c9000 JavaThread "build event listener" [_thread_blocked, id=3912, stack(0x0000005252700000,0x0000005252800000)]
  0x000001eacf6c8000 JavaThread "Execution worker for ':'" [_thread_in_native, id=24356, stack(0x0000005252800000,0x0000005252900000)]
  0x000001eacf6cb800 JavaThread "Execution worker for ':' Thread 2" [_thread_blocked, id=4608, stack(0x0000005252900000,0x0000005252a00000)]
  0x000001eacf6cc800 JavaThread "Execution worker for ':' Thread 3" [_thread_blocked, id=7396, stack(0x0000005252a00000,0x0000005252b00000)]
  0x000001eacf6ca000 JavaThread "Execution worker for ':' Thread 4" [_thread_blocked, id=10700, stack(0x0000005252b00000,0x0000005252c00000)]
  0x000001eacf6cd000 JavaThread "Execution worker for ':' Thread 5" [_thread_blocked, id=4412, stack(0x0000005252c00000,0x0000005252d00000)]
  0x000001eacf6ca800 JavaThread "Execution worker for ':' Thread 6" [_thread_blocked, id=23720, stack(0x0000005252d00000,0x0000005252e00000)]
  0x000001eacf6c7800 JavaThread "Execution worker for ':' Thread 7" [_thread_blocked, id=1420, stack(0x0000005252e00000,0x0000005252f00000)]
  0x000001eacdae6800 JavaThread "Cache worker for execution history cache (E:\my programming\android projects\lifetime calculator\.gradle\7.0.2\executionHistory)" [_thread_blocked, id=25128, stack(0x0000005252f00000,0x0000005253000000)]
  0x000001eacc3d6000 JavaThread "C2 CompilerThread1" daemon [_thread_blocked, id=24072, stack(0x0000005253000000,0x0000005253100000)]
  0x000001eacc3d7000 JavaThread "C2 CompilerThread2" daemon [_thread_blocked, id=20952, stack(0x0000005253100000,0x0000005253200000)]
  0x000001eacc3d7800 JavaThread "WorkerExecutor Queue" [_thread_blocked, id=9612, stack(0x0000005253200000,0x0000005253300000)]
  0x000001eacc3dd800 JavaThread "WorkerExecutor Queue Thread 2" [_thread_blocked, id=25060, stack(0x0000005253300000,0x0000005253400000)]

Other Threads:
=>0x000001eac91e3000 VMThread "VM Thread" [stack: 0x000000524ea00000,0x000000524eb00000] [id=25116]
  0x000001eac9d81000 WatcherThread [stack: 0x000000524f400000,0x000000524f500000] [id=16360]
  0x000001eaace16800 GCTaskThread "GC Thread#0" [stack: 0x000000524e500000,0x000000524e600000] [id=4152]
  0x000001eaca4e4800 GCTaskThread "GC Thread#1" [stack: 0x000000524f700000,0x000000524f800000] [id=23404]
  0x000001eacbfd0000 GCTaskThread "GC Thread#2" [stack: 0x000000524f900000,0x000000524fa00000] [id=9064]
  0x000001eacc2d7000 GCTaskThread "GC Thread#3" [stack: 0x000000524fa00000,0x000000524fb00000] [id=5400]
  0x000001eacc2d5000 GCTaskThread "GC Thread#4" [stack: 0x0000005250400000,0x0000005250500000] [id=13208]
  0x000001eacc2d8000 GCTaskThread "GC Thread#5" [stack: 0x0000005250500000,0x0000005250600000] [id=24828]
  0x000001eacc2d5800 GCTaskThread "GC Thread#6" [stack: 0x0000005250600000,0x0000005250700000] [id=22344]
  0x000001eacc2d3800 GCTaskThread "GC Thread#7" [stack: 0x0000005250700000,0x0000005250800000] [id=16088]
  0x000001eaace46800 ConcurrentGCThread "G1 Main Marker" [stack: 0x000000524e600000,0x000000524e700000] [id=2664]
  0x000001eaace48800 ConcurrentGCThread "G1 Conc#0" [stack: 0x000000524e700000,0x000000524e800000] [id=23400]
  0x000001eacc2d6800 ConcurrentGCThread "G1 Conc#1" [stack: 0x0000005250800000,0x0000005250900000] [id=17136]
  0x000001eaacece000 ConcurrentGCThread "G1 Refine#0" [stack: 0x000000524e800000,0x000000524e900000] [id=25224]
  0x000001eaacecf000 ConcurrentGCThread "G1 Young RemSet Sampling" [stack: 0x000000524e900000,0x000000524ea00000] [id=6680]

Threads with active compile tasks:

VM state:at safepoint (normal execution)

VM Mutex/Monitor currently owned by a thread:  ([mutex/lock_event])
[0x000001eaacdf6ad0] Threads_lock - owner thread: 0x000001eac91e3000
[0x000001eaacdf57b0] Heap_lock - owner thread: 0x000001eacc3dd800

Heap address: 0x0000000080000000, size: 2048 MB, Compressed Oops mode: 32-bit
Narrow klass base: 0x0000000000000000, Narrow klass shift: 3
Compressed class space size: 1073741824 Address: 0x0000000100000000

Heap:
 garbage-first heap   total 177152K, used 93318K [0x0000000080000000, 0x0000000100000000)
  region size 1024K, 1 young (1024K), 1 survivors (1024K)
 Metaspace       used 86854K, capacity 88969K, committed 89344K, reserved 1126400K
  class space    used 11149K, capacity 11914K, committed 12032K, reserved 1048576K
Heap Regions: E=young(eden), S=young(survivor), O=old, HS=humongous(starts), HC=humongous(continues), CS=collection set, F=free, A=archive, TAMS=top-at-mark-start (previous, next)
|   0|0x0000000080000000, 0x0000000080100000, 0x0000000080100000|100%| O|  |TAMS 0x0000000080100000, 0x0000000080100000| Untracked 
|   1|0x0000000080100000, 0x0000000080200000, 0x0000000080200000|100%| O|  |TAMS 0x0000000080200000, 0x0000000080200000| Untracked 
|   2|0x0000000080200000, 0x0000000080300000, 0x0000000080300000|100%| O|  |TAMS 0x0000000080300000, 0x0000000080300000| Untracked 
|   3|0x0000000080300000, 0x0000000080400000, 0x0000000080400000|100%|HS|  |TAMS 0x0000000080400000, 0x0000000080400000| Complete 
|   4|0x0000000080400000, 0x0000000080500000, 0x0000000080500000|100%|HC|  |TAMS 0x0000000080500000, 0x0000000080500000| Complete 
|   5|0x0000000080500000, 0x0000000080600000, 0x0000000080600000|100%|HC|  |TAMS 0x0000000080600000, 0x0000000080600000| Complete 
|   6|0x0000000080600000, 0x0000000080700000, 0x0000000080700000|100%| O|  |TAMS 0x0000000080700000, 0x0000000080700000| Untracked 
|   7|0x0000000080700000, 0x0000000080800000, 0x0000000080800000|100%| O|  |TAMS 0x0000000080800000, 0x0000000080800000| Untracked 
|   8|0x0000000080800000, 0x0000000080900000, 0x0000000080900000|100%| O|  |TAMS 0x0000000080900000, 0x0000000080900000| Untracked 
|   9|0x0000000080900000, 0x0000000080a00000, 0x0000000080a00000|100%| O|  |TAMS 0x0000000080a00000, 0x0000000080a00000| Untracked 
|  10|0x0000000080a00000, 0x0000000080b00000, 0x0000000080b00000|100%| O|  |TAMS 0x0000000080b00000, 0x0000000080b00000| Untracked 
|  11|0x0000000080b00000, 0x0000000080c00000, 0x0000000080c00000|100%| O|  |TAMS 0x0000000080c00000, 0x0000000080c00000| Untracked 
|  12|0x0000000080c00000, 0x0000000080d00000, 0x0000000080d00000|100%| O|  |TAMS 0x0000000080d00000, 0x0000000080d00000| Untracked 
|  13|0x0000000080d00000, 0x0000000080e00000, 0x0000000080e00000|100%| O|  |TAMS 0x0000000080e00000, 0x0000000080e00000| Untracked 
|  14|0x0000000080e00000, 0x0000000080f00000, 0x0000000080f00000|100%| O|  |TAMS 0x0000000080f00000, 0x0000000080f00000| Untracked 
|  15|0x0000000080f00000, 0x0000000081000000, 0x0000000081000000|100%| O|  |TAMS 0x0000000081000000, 0x0000000081000000| Untracked 
|  16|0x0000000081000000, 0x0000000081100000, 0x0000000081100000|100%|HS|  |TAMS 0x0000000081100000, 0x0000000081100000| Complete 
|  17|0x0000000081100000, 0x0000000081200000, 0x0000000081200000|100%| O|  |TAMS 0x0000000081200000, 0x0000000081200000| Untracked 
|  18|0x0000000081200000, 0x0000000081300000, 0x0000000081300000|100%| O|  |TAMS 0x0000000081300000, 0x0000000081300000| Untracked 
|  19|0x0000000081300000, 0x0000000081400000, 0x0000000081400000|100%| O|  |TAMS 0x0000000081400000, 0x0000000081400000| Untracked 
|  20|0x0000000081400000, 0x0000000081500000, 0x0000000081500000|100%| O|  |TAMS 0x0000000081500000, 0x0000000081500000| Untracked 
|  21|0x0000000081500000, 0x0000000081600000, 0x0000000081600000|100%| O|  |TAMS 0x0000000081600000, 0x0000000081600000| Untracked 
|  22|0x0000000081600000, 0x0000000081700000, 0x0000000081700000|100%| O|  |TAMS 0x0000000081700000, 0x0000000081700000| Untracked 
|  23|0x0000000081700000, 0x0000000081800000, 0x0000000081800000|100%| O|  |TAMS 0x0000000081800000, 0x0000000081800000| Untracked 
|  24|0x0000000081800000, 0x0000000081900000, 0x0000000081900000|100%| O|  |TAMS 0x0000000081900000, 0x0000000081900000| Untracked 
|  25|0x0000000081900000, 0x0000000081a00000, 0x0000000081a00000|100%| O|  |TAMS 0x0000000081a00000, 0x0000000081a00000| Untracked 
|  26|0x0000000081a00000, 0x0000000081b00000, 0x0000000081b00000|100%|HS|  |TAMS 0x0000000081b00000, 0x0000000081b00000| Complete 
|  27|0x0000000081b00000, 0x0000000081c00000, 0x0000000081c00000|100%|HS|  |TAMS 0x0000000081c00000, 0x0000000081c00000| Complete 
|  28|0x0000000081c00000, 0x0000000081d00000, 0x0000000081d00000|100%|HS|  |TAMS 0x0000000081d00000, 0x0000000081d00000| Complete 
|  29|0x0000000081d00000, 0x0000000081e00000, 0x0000000081e00000|100%|HC|  |TAMS 0x0000000081e00000, 0x0000000081e00000| Complete 
|  30|0x0000000081e00000, 0x0000000081f00000, 0x0000000081f00000|100%|HC|  |TAMS 0x0000000081f00000, 0x0000000081f00000| Complete 
|  31|0x0000000081f00000, 0x0000000082000000, 0x0000000082000000|100%|HS|  |TAMS 0x0000000082000000, 0x0000000082000000| Complete 
|  32|0x0000000082000000, 0x0000000082100000, 0x0000000082100000|100%|HC|  |TAMS 0x0000000082100000, 0x0000000082100000| Complete 
|  33|0x0000000082100000, 0x0000000082200000, 0x0000000082200000|100%| O|  |TAMS 0x0000000082200000, 0x0000000082200000| Untracked 
|  34|0x0000000082200000, 0x0000000082300000, 0x0000000082300000|100%| O|  |TAMS 0x0000000082300000, 0x0000000082300000| Untracked 
|  35|0x0000000082300000, 0x0000000082400000, 0x0000000082400000|100%| O|  |TAMS 0x0000000082400000, 0x0000000082400000| Untracked 
|  36|0x0000000082400000, 0x0000000082500000, 0x0000000082500000|100%| O|  |TAMS 0x0000000082500000, 0x0000000082500000| Untracked 
|  37|0x0000000082500000, 0x0000000082600000, 0x0000000082600000|100%| O|  |TAMS 0x0000000082600000, 0x0000000082600000| Untracked 
|  38|0x0000000082600000, 0x0000000082700000, 0x0000000082700000|100%| O|  |TAMS 0x0000000082700000, 0x0000000082700000| Untracked 
|  39|0x0000000082700000, 0x0000000082800000, 0x0000000082800000|100%| O|  |TAMS 0x0000000082800000, 0x0000000082800000| Untracked 
|  40|0x0000000082800000, 0x0000000082900000, 0x0000000082900000|100%| O|  |TAMS 0x0000000082900000, 0x0000000082900000| Untracked 
|  41|0x0000000082900000, 0x0000000082a00000, 0x0000000082a00000|100%| O|  |TAMS 0x0000000082a00000, 0x0000000082a00000| Untracked 
|  42|0x0000000082a00000, 0x0000000082b00000, 0x0000000082b00000|100%| O|  |TAMS 0x0000000082b00000, 0x0000000082b00000| Untracked 
|  43|0x0000000082b00000, 0x0000000082c00000, 0x0000000082c00000|100%| O|  |TAMS 0x0000000082c00000, 0x0000000082c00000| Untracked 
|  44|0x0000000082c00000, 0x0000000082d00000, 0x0000000082d00000|100%| O|  |TAMS 0x0000000082d00000, 0x0000000082d00000| Untracked 
|  45|0x0000000082d00000, 0x0000000082e00000, 0x0000000082e00000|100%| O|  |TAMS 0x0000000082e00000, 0x0000000082e00000| Untracked 
|  46|0x0000000082e00000, 0x0000000082f00000, 0x0000000082f00000|100%| O|  |TAMS 0x0000000082f00000, 0x0000000082f00000| Untracked 
|  47|0x0000000082f00000, 0x0000000083000000, 0x0000000083000000|100%| O|  |TAMS 0x0000000083000000, 0x0000000083000000| Untracked 
|  48|0x0000000083000000, 0x0000000083100000, 0x0000000083100000|100%| O|  |TAMS 0x0000000083100000, 0x0000000083100000| Untracked 
|  49|0x0000000083100000, 0x0000000083200000, 0x0000000083200000|100%| O|  |TAMS 0x0000000083200000, 0x0000000083200000| Untracked 
|  50|0x0000000083200000, 0x0000000083300000, 0x0000000083300000|100%| O|  |TAMS 0x0000000083300000, 0x0000000083300000| Untracked 
|  51|0x0000000083300000, 0x0000000083400000, 0x0000000083400000|100%| O|  |TAMS 0x0000000083400000, 0x0000000083400000| Untracked 
|  52|0x0000000083400000, 0x0000000083500000, 0x0000000083500000|100%| O|  |TAMS 0x0000000083500000, 0x0000000083500000| Untracked 
|  53|0x0000000083500000, 0x0000000083600000, 0x0000000083600000|100%| O|  |TAMS 0x0000000083600000, 0x0000000083600000| Untracked 
|  54|0x0000000083600000, 0x0000000083700000, 0x0000000083700000|100%| O|  |TAMS 0x0000000083700000, 0x0000000083700000| Untracked 
|  55|0x0000000083700000, 0x0000000083800000, 0x0000000083800000|100%| O|  |TAMS 0x0000000083800000, 0x0000000083800000| Untracked 
|  56|0x0000000083800000, 0x0000000083900000, 0x0000000083900000|100%| O|  |TAMS 0x0000000083900000, 0x0000000083900000| Untracked 
|  57|0x0000000083900000, 0x0000000083a00000, 0x0000000083a00000|100%| O|  |TAMS 0x0000000083a00000, 0x0000000083a00000| Untracked 
|  58|0x0000000083a00000, 0x0000000083b00000, 0x0000000083b00000|100%| O|  |TAMS 0x0000000083b00000, 0x0000000083b00000| Untracked 
|  59|0x0000000083b00000, 0x0000000083c00000, 0x0000000083c00000|100%| O|  |TAMS 0x0000000083c00000, 0x0000000083c00000| Untracked 
|  60|0x0000000083c00000, 0x0000000083d00000, 0x0000000083d00000|100%| O|  |TAMS 0x0000000083d00000, 0x0000000083d00000| Untracked 
|  61|0x0000000083d00000, 0x0000000083e00000, 0x0000000083e00000|100%| O|  |TAMS 0x0000000083e00000, 0x0000000083e00000| Untracked 
|  62|0x0000000083e00000, 0x0000000083f00000, 0x0000000083f00000|100%| O|  |TAMS 0x0000000083f00000, 0x0000000083f00000| Untracked 
|  63|0x0000000083f00000, 0x0000000084000000, 0x0000000084000000|100%| O|  |TAMS 0x0000000084000000, 0x0000000084000000| Untracked 
|  64|0x0000000084000000, 0x0000000084100000, 0x0000000084100000|100%| O|  |TAMS 0x0000000084100000, 0x0000000084100000| Untracked 
|  65|0x0000000084100000, 0x0000000084200000, 0x0000000084200000|100%| O|  |TAMS 0x0000000084200000, 0x0000000084200000| Untracked 
|  66|0x0000000084200000, 0x0000000084300000, 0x0000000084300000|100%| O|  |TAMS 0x0000000084300000, 0x0000000084300000| Untracked 
|  67|0x0000000084300000, 0x0000000084400000, 0x0000000084400000|100%| O|  |TAMS 0x0000000084400000, 0x0000000084400000| Untracked 
|  68|0x0000000084400000, 0x0000000084500000, 0x0000000084500000|100%| O|  |TAMS 0x0000000084500000, 0x0000000084500000| Untracked 
|  69|0x0000000084500000, 0x0000000084600000, 0x0000000084600000|100%| O|  |TAMS 0x0000000084600000, 0x0000000084600000| Untracked 
|  70|0x0000000084600000, 0x0000000084700000, 0x0000000084700000|100%| O|  |TAMS 0x0000000084700000, 0x0000000084700000| Untracked 
|  71|0x0000000084700000, 0x0000000084800000, 0x0000000084800000|100%| O|  |TAMS 0x0000000084800000, 0x0000000084800000| Untracked 
|  72|0x0000000084800000, 0x0000000084900000, 0x0000000084900000|100%| O|  |TAMS 0x0000000084900000, 0x0000000084900000| Untracked 
|  73|0x0000000084900000, 0x0000000084a00000, 0x0000000084a00000|100%| O|  |TAMS 0x0000000084a00000, 0x0000000084a00000| Untracked 
|  74|0x0000000084a00000, 0x0000000084b00000, 0x0000000084b00000|100%| O|  |TAMS 0x0000000084b00000, 0x0000000084b00000| Untracked 
|  75|0x0000000084b00000, 0x0000000084c00000, 0x0000000084c00000|100%| O|  |TAMS 0x0000000084c00000, 0x0000000084c00000| Untracked 
|  76|0x0000000084c00000, 0x0000000084d00000, 0x0000000084d00000|100%| O|  |TAMS 0x0000000084d00000, 0x0000000084d00000| Untracked 
|  77|0x0000000084d00000, 0x0000000084e00000, 0x0000000084e00000|100%| O|  |TAMS 0x0000000084e00000, 0x0000000084e00000| Untracked 
|  78|0x0000000084e00000, 0x0000000084f00000, 0x0000000084f00000|100%| O|  |TAMS 0x0000000084f00000, 0x0000000084f00000| Untracked 
|  79|0x0000000084f00000, 0x0000000085000000, 0x0000000085000000|100%| O|  |TAMS 0x0000000085000000, 0x0000000085000000| Untracked 
|  80|0x0000000085000000, 0x0000000085100000, 0x0000000085100000|100%| O|  |TAMS 0x0000000085100000, 0x0000000085100000| Untracked 
|  81|0x0000000085100000, 0x0000000085200000, 0x0000000085200000|100%| O|  |TAMS 0x0000000085200000, 0x0000000085200000| Untracked 
|  82|0x0000000085200000, 0x0000000085300000, 0x0000000085300000|100%| O|  |TAMS 0x0000000085300000, 0x0000000085300000| Untracked 
|  83|0x0000000085300000, 0x0000000085400000, 0x0000000085400000|100%| O|  |TAMS 0x0000000085400000, 0x0000000085400000| Untracked 
|  84|0x0000000085400000, 0x0000000085500000, 0x0000000085500000|100%| O|  |TAMS 0x0000000085500000, 0x0000000085500000| Untracked 
|  85|0x0000000085500000, 0x0000000085600000, 0x0000000085600000|100%| O|  |TAMS 0x0000000085600000, 0x0000000085600000| Untracked 
|  86|0x0000000085600000, 0x0000000085700000, 0x0000000085700000|100%| O|  |TAMS 0x00000000856e0600, 0x0000000085700000| Untracked 
|  87|0x0000000085700000, 0x0000000085700000, 0x0000000085800000|  0%| F|  |TAMS 0x0000000085700000, 0x0000000085700000| Untracked 
|  88|0x0000000085800000, 0x0000000085800000, 0x0000000085900000|  0%| F|  |TAMS 0x0000000085800000, 0x0000000085800000| Untracked 
|  89|0x0000000085900000, 0x0000000085900000, 0x0000000085a00000|  0%| F|  |TAMS 0x0000000085900000, 0x0000000085900000| Untracked 
|  90|0x0000000085a00000, 0x0000000085a00000, 0x0000000085b00000|  0%| F|  |TAMS 0x0000000085a00000, 0x0000000085a00000| Untracked 
|  91|0x0000000085b00000, 0x0000000085b00000, 0x0000000085c00000|  0%| F|  |TAMS 0x0000000085b00000, 0x0000000085b00000| Untracked 
|  92|0x0000000085c00000, 0x0000000085c00000, 0x0000000085d00000|  0%| F|  |TAMS 0x0000000085c00000, 0x0000000085c00000| Untracked 
|  93|0x0000000085d00000, 0x0000000085d00000, 0x0000000085e00000|  0%| F|  |TAMS 0x0000000085d00000, 0x0000000085d00000| Untracked 
|  94|0x0000000085e00000, 0x0000000085e00000, 0x0000000085f00000|  0%| F|  |TAMS 0x0000000085e00000, 0x0000000085e00000| Untracked 
|  95|0x0000000085f00000, 0x0000000085f00000, 0x0000000086000000|  0%| F|  |TAMS 0x0000000085f00000, 0x0000000085f00000| Untracked 
|  96|0x0000000086000000, 0x0000000086000000, 0x0000000086100000|  0%| F|  |TAMS 0x0000000086000000, 0x0000000086000000| Untracked 
|  97|0x0000000086100000, 0x0000000086100000, 0x0000000086200000|  0%| F|  |TAMS 0x0000000086100000, 0x0000000086100000| Untracked 
|  98|0x0000000086200000, 0x0000000086200000, 0x0000000086300000|  0%| F|  |TAMS 0x0000000086200000, 0x0000000086200000| Untracked 
|  99|0x0000000086300000, 0x0000000086300000, 0x0000000086400000|  0%| F|  |TAMS 0x0000000086300000, 0x0000000086300000| Untracked 
| 100|0x0000000086400000, 0x0000000086400000, 0x0000000086500000|  0%| F|  |TAMS 0x0000000086400000, 0x0000000086400000| Untracked 
| 101|0x0000000086500000, 0x0000000086500000, 0x0000000086600000|  0%| F|  |TAMS 0x0000000086500000, 0x0000000086500000| Untracked 
| 102|0x0000000086600000, 0x0000000086700000, 0x0000000086700000|100%| O|  |TAMS 0x0000000086600000, 0x0000000086700000| Untracked 
| 103|0x0000000086700000, 0x0000000086800000, 0x0000000086800000|100%| O|  |TAMS 0x0000000086700000, 0x0000000086800000| Untracked 
| 104|0x0000000086800000, 0x0000000086900000, 0x0000000086900000|100%| O|  |TAMS 0x0000000086800000, 0x0000000086900000| Untracked 
| 105|0x0000000086900000, 0x0000000086994a00, 0x0000000086a00000| 58%| O|  |TAMS 0x0000000086900000, 0x0000000086994a00| Untracked 
| 106|0x0000000086a00000, 0x0000000086a00000, 0x0000000086b00000|  0%| F|  |TAMS 0x0000000086a00000, 0x0000000086a00000| Untracked 
| 107|0x0000000086b00000, 0x0000000086b00000, 0x0000000086c00000|  0%| F|  |TAMS 0x0000000086b00000, 0x0000000086b00000| Untracked 
| 108|0x0000000086c00000, 0x0000000086c00000, 0x0000000086d00000|  0%| F|  |TAMS 0x0000000086c00000, 0x0000000086c00000| Untracked 
| 109|0x0000000086d00000, 0x0000000086d00000, 0x0000000086e00000|  0%| F|  |TAMS 0x0000000086d00000, 0x0000000086d00000| Untracked 
| 110|0x0000000086e00000, 0x0000000086e00000, 0x0000000086f00000|  0%| F|  |TAMS 0x0000000086e00000, 0x0000000086e00000| Untracked 
| 111|0x0000000086f00000, 0x0000000086f00000, 0x0000000087000000|  0%| F|  |TAMS 0x0000000086f00000, 0x0000000086f00000| Untracked 
| 112|0x0000000087000000, 0x0000000087000000, 0x0000000087100000|  0%| F|  |TAMS 0x0000000087000000, 0x0000000087000000| Untracked 
| 113|0x0000000087100000, 0x0000000087100000, 0x0000000087200000|  0%| F|  |TAMS 0x0000000087100000, 0x0000000087100000| Untracked 
| 114|0x0000000087200000, 0x0000000087200000, 0x0000000087300000|  0%| F|  |TAMS 0x0000000087200000, 0x0000000087200000| Untracked 
| 115|0x0000000087300000, 0x0000000087300000, 0x0000000087400000|  0%| F|  |TAMS 0x0000000087300000, 0x0000000087300000| Untracked 
| 116|0x0000000087400000, 0x0000000087400000, 0x0000000087500000|  0%| F|  |TAMS 0x0000000087400000, 0x0000000087400000| Untracked 
| 117|0x0000000087500000, 0x0000000087500000, 0x0000000087600000|  0%| F|  |TAMS 0x0000000087500000, 0x0000000087500000| Untracked 
| 118|0x0000000087600000, 0x0000000087600000, 0x0000000087700000|  0%| F|  |TAMS 0x0000000087600000, 0x0000000087600000| Untracked 
| 119|0x0000000087700000, 0x0000000087700000, 0x0000000087800000|  0%| F|  |TAMS 0x0000000087700000, 0x0000000087700000| Untracked 
| 120|0x0000000087800000, 0x0000000087800000, 0x0000000087900000|  0%| F|  |TAMS 0x0000000087800000, 0x0000000087800000| Untracked 
| 121|0x0000000087900000, 0x0000000087900000, 0x0000000087a00000|  0%| F|  |TAMS 0x0000000087900000, 0x0000000087900000| Untracked 
| 122|0x0000000087a00000, 0x0000000087a00000, 0x0000000087b00000|  0%| F|  |TAMS 0x0000000087a00000, 0x0000000087a00000| Untracked 
| 123|0x0000000087b00000, 0x0000000087b00000, 0x0000000087c00000|  0%| F|  |TAMS 0x0000000087b00000, 0x0000000087b00000| Untracked 
| 124|0x0000000087c00000, 0x0000000087c00000, 0x0000000087d00000|  0%| F|  |TAMS 0x0000000087c00000, 0x0000000087c00000| Untracked 
| 125|0x0000000087d00000, 0x0000000087d00000, 0x0000000087e00000|  0%| F|  |TAMS 0x0000000087d00000, 0x0000000087d00000| Untracked 
| 126|0x0000000087e00000, 0x0000000087e00000, 0x0000000087f00000|  0%| F|  |TAMS 0x0000000087e00000, 0x0000000087e00000| Untracked 
| 127|0x0000000087f00000, 0x0000000087f00000, 0x0000000088000000|  0%| F|  |TAMS 0x0000000087f00000, 0x0000000087f00000| Untracked 
| 128|0x0000000088000000, 0x0000000088000000, 0x0000000088100000|  0%| F|  |TAMS 0x0000000088000000, 0x0000000088000000| Untracked 
| 129|0x0000000088100000, 0x000000008818cfd0, 0x0000000088200000| 55%| S|CS|TAMS 0x0000000088100000, 0x0000000088100000| Complete 
| 130|0x0000000088200000, 0x0000000088200000, 0x0000000088300000|  0%| F|  |TAMS 0x0000000088200000, 0x0000000088200000| Untracked 
| 131|0x0000000088300000, 0x0000000088300000, 0x0000000088400000|  0%| F|  |TAMS 0x0000000088300000, 0x0000000088300000| Untracked 
| 132|0x0000000088400000, 0x0000000088400000, 0x0000000088500000|  0%| F|  |TAMS 0x0000000088400000, 0x0000000088400000| Untracked 
| 133|0x0000000088500000, 0x0000000088500000, 0x0000000088600000|  0%| F|  |TAMS 0x0000000088500000, 0x0000000088500000| Untracked 
| 134|0x0000000088600000, 0x0000000088600000, 0x0000000088700000|  0%| F|  |TAMS 0x0000000088600000, 0x0000000088600000| Untracked 
| 135|0x0000000088700000, 0x0000000088700000, 0x0000000088800000|  0%| F|  |TAMS 0x0000000088700000, 0x0000000088700000| Untracked 
| 136|0x0000000088800000, 0x0000000088800000, 0x0000000088900000|  0%| F|  |TAMS 0x0000000088800000, 0x0000000088800000| Untracked 
| 137|0x0000000088900000, 0x0000000088900000, 0x0000000088a00000|  0%| F|  |TAMS 0x0000000088900000, 0x0000000088900000| Untracked 
| 138|0x0000000088a00000, 0x0000000088a00000, 0x0000000088b00000|  0%| F|  |TAMS 0x0000000088a00000, 0x0000000088a00000| Untracked 
| 139|0x0000000088b00000, 0x0000000088b00000, 0x0000000088c00000|  0%| F|  |TAMS 0x0000000088b00000, 0x0000000088b00000| Untracked 

Card table byte_map: [0x000001eac1f30000,0x000001eac2330000] _byte_map_base: 0x000001eac1b30000

Marking Bits (Prev, Next): (CMBitMap*) 0x000001eaace3d788, (CMBitMap*) 0x000001eaace3d7c0
 Prev Bits: [0x000001eac2730000, 0x000001eac4730000)
 Next Bits: [0x000001eac4730000, 0x000001eac6730000)

Polling page: 0x000001eaacee0000

Metaspace:

Usage:
  Non-class:     75.25 MB capacity,    73.93 MB ( 98%) used,     1.09 MB (  1%) free+waste,   231.00 KB ( <1%) overhead. 
      Class:     11.63 MB capacity,    10.89 MB ( 94%) used,   659.48 KB (  6%) free+waste,   105.50 KB ( <1%) overhead. 
       Both:     86.88 MB capacity,    84.82 MB ( 98%) used,     1.74 MB (  2%) free+waste,   336.50 KB ( <1%) overhead. 

Virtual space:
  Non-class space:       76.00 MB reserved,      75.50 MB (>99%) committed 
      Class space:        1.00 GB reserved,      11.75 MB (  1%) committed 
             Both:        1.07 GB reserved,      87.25 MB (  8%) committed 

Chunk freelists:
   Non-Class:  193.00 KB
       Class:  118.00 KB
        Both:  311.00 KB

MaxMetaspaceSize: 17179869184.00 GB
CompressedClassSpaceSize: 1.00 GB

CodeHeap 'non-profiled nmethods': size=120000Kb used=5006Kb max_used=5006Kb free=114994Kb
 bounds [0x000001eab9b90000, 0x000001eaba080000, 0x000001eac10c0000]
CodeHeap 'profiled nmethods': size=120000Kb used=19180Kb max_used=19180Kb free=100819Kb
 bounds [0x000001eab2660000, 0x000001eab3920000, 0x000001eab9b90000]
CodeHeap 'non-nmethods': size=5760Kb used=2285Kb max_used=2340Kb free=3474Kb
 bounds [0x000001eab20c0000, 0x000001eab2330000, 0x000001eab2660000]
 total_blobs=10263 nmethods=9375 adapters=799
 compilation: enabled
              stopped_count=0, restarted_count=0
 full_count=0

Compilation events (20 events):
Event: 19.327 Thread 0x000001eac9213000 9543       3       java.io.ObjectInputStream::checkResolve (86 bytes)
Event: 19.328 Thread 0x000001eac9213000 nmethod 9543 0x000001eab390e610 code [0x000001eab390e860, 0x000001eab390ef78]
Event: 19.328 Thread 0x000001eac9213000 9544       3       org.gradle.model.internal.asm.AsmClassGeneratorUtils::visitFormalTypeParameters (108 bytes)
Event: 19.329 Thread 0x000001eac9213000 nmethod 9544 0x000001eab390f210 code [0x000001eab390f460, 0x000001eab390fb68]
Event: 19.330 Thread 0x000001eac9212000 9545       4       java.util.ArrayList::toArray (57 bytes)
Event: 19.332 Thread 0x000001eac9213000 9547       3       org.gradle.internal.instantiation.generator.AsmBackedClassGenerator$ClassBuilderImpl::addConstructor (456 bytes)
Event: 19.337 Thread 0x000001eac9212000 nmethod 9545 0x000001eaba064890 code [0x000001eaba064a40, 0x000001eaba064ef8]
Event: 19.337 Thread 0x000001eac9212000 9546       4       org.gradle.internal.instantiation.generator.AbstractClassGenerator::assertNotAbstract (61 bytes)
Event: 19.339 Thread 0x000001eac9212000 nmethod 9546 0x000001eaba065090 code [0x000001eaba065220, 0x000001eaba0652f8]
Event: 19.340 Thread 0x000001eac9213000 nmethod 9547 0x000001eab390ff10 code [0x000001eab3910580, 0x000001eab3913e98]
Event: 19.340 Thread 0x000001eac9213000 9548       3       org.gradle.model.internal.asm.AsmClassGeneratorUtils::signature (54 bytes)
Event: 19.348 Thread 0x000001eac9213000 nmethod 9548 0x000001eab3915290 code [0x000001eab3915800, 0x000001eab3918a68]
Event: 19.348 Thread 0x000001eac9213000 9549       3       java.lang.reflect.Constructor::getGenericExceptionTypes (5 bytes)
Event: 19.350 Thread 0x000001eac9213000 nmethod 9549 0x000001eab3919910 code [0x000001eab3919bc0, 0x000001eab391abb8]
Event: 19.352 Thread 0x000001eac9212000 9550       4       com.google.common.collect.ImmutableList::iterator (5 bytes)
Event: 19.352 Thread 0x000001eacc3d6000 nmethod 9507 0x000001eaba065410 code [0x000001eaba0655e0, 0x000001eaba066198]
Event: 19.356 Thread 0x000001eac9212000 nmethod 9550 0x000001eaba066790 code [0x000001eaba066940, 0x000001eaba066b78]
Event: 19.378 Thread 0x000001eac9213000 9551       1       org.gradle.execution.plan.Node::getMutationInfo (5 bytes)
Event: 19.378 Thread 0x000001eac9213000 nmethod 9551 0x000001eaba066e10 code [0x000001eaba066fc0, 0x000001eaba067078]
Event: 19.396 Thread 0x000001eacc3d7000 nmethod 9480 0x000001eaba067110 code [0x000001eaba0677c0, 0x000001eaba06f060]

GC Heap History (20 events):
Event: 12.755 GC heap after
{Heap after GC invocations=27 (full 0):
 garbage-first heap   total 98304K, used 62903K [0x0000000080000000, 0x0000000100000000)
  region size 1024K, 3 young (3072K), 3 survivors (3072K)
 Metaspace       used 72998K, capacity 74666K, committed 74752K, reserved 1114112K
  class space    used 9362K, capacity 9963K, committed 9984K, reserved 1048576K
}
Event: 13.070 GC heap before
{Heap before GC invocations=27 (full 0):
 garbage-first heap   total 98304K, used 82359K [0x0000000080000000, 0x0000000100000000)
  region size 1024K, 22 young (22528K), 3 survivors (3072K)
 Metaspace       used 74603K, capacity 76405K, committed 76672K, reserved 1116160K
  class space    used 9599K, capacity 10260K, committed 10368K, reserved 1048576K
}
Event: 13.078 GC heap after
{Heap after GC invocations=28 (full 0):
 garbage-first heap   total 98304K, used 64405K [0x0000000080000000, 0x0000000100000000)
  region size 1024K, 3 young (3072K), 3 survivors (3072K)
 Metaspace       used 74603K, capacity 76405K, committed 76672K, reserved 1116160K
  class space    used 9599K, capacity 10260K, committed 10368K, reserved 1048576K
}
Event: 13.382 GC heap before
{Heap before GC invocations=29 (full 0):
 garbage-first heap   total 98304K, used 82837K [0x0000000080000000, 0x0000000100000000)
  region size 1024K, 21 young (21504K), 3 survivors (3072K)
 Metaspace       used 76668K, capacity 78359K, committed 78464K, reserved 1118208K
  class space    used 9939K, capacity 10591K, committed 10624K, reserved 1048576K
}
Event: 13.387 GC heap after
{Heap after GC invocations=30 (full 0):
 garbage-first heap   total 118784K, used 64879K [0x0000000080000000, 0x0000000100000000)
  region size 1024K, 2 young (2048K), 2 survivors (2048K)
 Metaspace       used 76668K, capacity 78359K, committed 78464K, reserved 1118208K
  class space    used 9939K, capacity 10591K, committed 10624K, reserved 1048576K
}
Event: 13.960 GC heap before
{Heap before GC invocations=30 (full 0):
 garbage-first heap   total 118784K, used 92527K [0x0000000080000000, 0x0000000100000000)
  region size 1024K, 29 young (29696K), 2 survivors (2048K)
 Metaspace       used 80037K, capacity 81866K, committed 82048K, reserved 1120256K
  class space    used 10356K, capacity 11020K, committed 11136K, reserved 1048576K
}
Event: 13.967 GC heap after
{Heap after GC invocations=31 (full 0):
 garbage-first heap   total 118784K, used 66743K [0x0000000080000000, 0x0000000100000000)
  region size 1024K, 4 young (4096K), 4 survivors (4096K)
 Metaspace       used 80037K, capacity 81866K, committed 82048K, reserved 1120256K
  class space    used 10356K, capacity 11020K, committed 11136K, reserved 1048576K
}
Event: 14.435 GC heap before
{Heap before GC invocations=32 (full 0):
 garbage-first heap   total 118784K, used 93367K [0x0000000080000000, 0x0000000100000000)
  region size 1024K, 31 young (31744K), 4 survivors (4096K)
 Metaspace       used 82417K, capacity 84283K, committed 84480K, reserved 1122304K
  class space    used 10560K, capacity 11261K, committed 11264K, reserved 1048576K
}
Event: 14.443 GC heap after
{Heap after GC invocations=33 (full 0):
 garbage-first heap   total 118784K, used 70531K [0x0000000080000000, 0x0000000100000000)
  region size 1024K, 4 young (4096K), 4 survivors (4096K)
 Metaspace       used 82417K, capacity 84283K, committed 84480K, reserved 1122304K
  class space    used 10560K, capacity 11261K, committed 11264K, reserved 1048576K
}
Event: 15.205 GC heap before
{Heap before GC invocations=33 (full 0):
 garbage-first heap   total 118784K, used 95107K [0x0000000080000000, 0x0000000100000000)
  region size 1024K, 29 young (29696K), 4 survivors (4096K)
 Metaspace       used 84491K, capacity 86556K, committed 86784K, reserved 1124352K
  class space    used 10928K, capacity 11661K, committed 11776K, reserved 1048576K
}
Event: 15.212 GC heap after
{Heap after GC invocations=34 (full 0):
 garbage-first heap   total 118784K, used 72469K [0x0000000080000000, 0x0000000100000000)
  region size 1024K, 2 young (2048K), 2 survivors (2048K)
 Metaspace       used 84491K, capacity 86556K, committed 86784K, reserved 1124352K
  class space    used 10928K, capacity 11661K, committed 11776K, reserved 1048576K
}
Event: 15.688 GC heap before
{Heap before GC invocations=35 (full 0):
 garbage-first heap   total 118784K, used 96021K [0x0000000080000000, 0x0000000100000000)
  region size 1024K, 26 young (26624K), 2 survivors (2048K)
 Metaspace       used 84809K, capacity 86886K, committed 87040K, reserved 1124352K
  class space    used 10957K, capacity 11704K, committed 11776K, reserved 1048576K
}
Event: 15.696 GC heap after
{Heap after GC invocations=36 (full 0):
 garbage-first heap   total 143360K, used 74001K [0x0000000080000000, 0x0000000100000000)
  region size 1024K, 4 young (4096K), 4 survivors (4096K)
 Metaspace       used 84809K, capacity 86886K, committed 87040K, reserved 1124352K
  class space    used 10957K, capacity 11704K, committed 11776K, reserved 1048576K
}
Event: 17.005 GC heap before
{Heap before GC invocations=36 (full 0):
 garbage-first heap   total 143360K, used 97553K [0x0000000080000000, 0x0000000100000000)
  region size 1024K, 29 young (29696K), 4 survivors (4096K)
 Metaspace       used 85461K, capacity 87555K, committed 87680K, reserved 1124352K
  class space    used 11046K, capacity 11835K, committed 11904K, reserved 1048576K
}
Event: 17.031 GC heap after
{Heap after GC invocations=37 (full 0):
 garbage-first heap   total 143360K, used 75472K [0x0000000080000000, 0x0000000100000000)
  region size 1024K, 4 young (4096K), 4 survivors (4096K)
 Metaspace       used 85461K, capacity 87555K, committed 87680K, reserved 1124352K
  class space    used 11046K, capacity 11835K, committed 11904K, reserved 1048576K
}
Event: 18.540 GC heap before
{Heap before GC invocations=38 (full 0):
 garbage-first heap   total 143360K, used 111312K [0x0000000080000000, 0x0000000100000000)
  region size 1024K, 37 young (37888K), 4 survivors (4096K)
 Metaspace       used 86520K, capacity 88700K, committed 88832K, reserved 1126400K
  class space    used 11150K, capacity 11940K, committed 12032K, reserved 1048576K
}
Event: 18.552 GC heap after
{Heap after GC invocations=39 (full 0):
 garbage-first heap   total 143360K, used 87792K [0x0000000080000000, 0x0000000100000000)
  region size 1024K, 5 young (5120K), 5 survivors (5120K)
 Metaspace       used 86520K, capacity 88700K, committed 88832K, reserved 1126400K
  class space    used 11150K, capacity 11940K, committed 12032K, reserved 1048576K
}
Event: 18.780 GC heap before
{Heap before GC invocations=39 (full 0):
 garbage-first heap   total 143360K, used 92912K [0x0000000080000000, 0x0000000100000000)
  region size 1024K, 11 young (11264K), 5 survivors (5120K)
 Metaspace       used 86539K, capacity 88700K, committed 88832K, reserved 1126400K
  class space    used 11150K, capacity 11940K, committed 12032K, reserved 1048576K
}
Event: 18.794 GC heap after
{Heap after GC invocations=40 (full 0):
 garbage-first heap   total 143360K, used 93057K [0x0000000080000000, 0x0000000100000000)
  region size 1024K, 4 young (4096K), 4 survivors (4096K)
 Metaspace       used 86539K, capacity 88700K, committed 88832K, reserved 1126400K
  class space    used 11150K, capacity 11940K, committed 12032K, reserved 1048576K
}
Event: 19.399 GC heap before
{Heap before GC invocations=41 (full 0):
 garbage-first heap   total 143360K, used 113537K [0x0000000080000000, 0x0000000100000000)
  region size 1024K, 10 young (10240K), 4 survivors (4096K)
 Metaspace       used 86854K, capacity 88969K, committed 89344K, reserved 1126400K
  class space    used 11149K, capacity 11914K, committed 12032K, reserved 1048576K
}

Deoptimization events (20 events):
Event: 19.082 Thread 0x000001eacb73e800 DEOPT PACKING pc=0x000001eab38f1a80 sp=0x000000524fef7120
Event: 19.082 Thread 0x000001eacb73e800 DEOPT UNPACKING pc=0x000001eab20e76ce sp=0x000000524fef6698 mode 0
Event: 19.082 Thread 0x000001eacb73e800 DEOPT PACKING pc=0x000001eab38f1a80 sp=0x000000524fef7120
Event: 19.082 Thread 0x000001eacb73e800 DEOPT UNPACKING pc=0x000001eab20e76ce sp=0x000000524fef6698 mode 0
Event: 19.089 Thread 0x000001eacb73e800 DEOPT PACKING pc=0x000001eab38f1a80 sp=0x000000524fef7120
Event: 19.089 Thread 0x000001eacb73e800 DEOPT UNPACKING pc=0x000001eab20e76ce sp=0x000000524fef6698 mode 0
Event: 19.236 Thread 0x000001eacb73e800 Uncommon trap: trap_request=0xffffff6e fr.pc=0x000001eab9fd84b8 relative=0x0000000000000758
Event: 19.236 Thread 0x000001eacb73e800 Uncommon trap: reason=speculate_class_check action=maybe_recompile pc=0x000001eab9fd84b8 method=sun.security.provider.DigestBase.implCompressMultiBlock([BII)I @ 11 c2
Event: 19.236 Thread 0x000001eacb73e800 DEOPT PACKING pc=0x000001eab9fd84b8 sp=0x000000524fef4b60
Event: 19.236 Thread 0x000001eacb73e800 DEOPT UNPACKING pc=0x000001eab20e78af sp=0x000000524fef4a98 mode 2
Event: 19.236 Thread 0x000001eacb73e800 DEOPT PACKING pc=0x000001eab298ab49 sp=0x000000524fef4960
Event: 19.236 Thread 0x000001eacb73e800 DEOPT UNPACKING pc=0x000001eab20e76ce sp=0x000000524fef3dd8 mode 0
Event: 19.267 Thread 0x000001eacb73e800 Uncommon trap: trap_request=0xffffff6e fr.pc=0x000001eab9fd84b8 relative=0x0000000000000758
Event: 19.267 Thread 0x000001eacb73e800 Uncommon trap: reason=speculate_class_check action=maybe_recompile pc=0x000001eab9fd84b8 method=sun.security.provider.DigestBase.implCompressMultiBlock([BII)I @ 11 c2
Event: 19.267 Thread 0x000001eacb73e800 DEOPT PACKING pc=0x000001eab9fd84b8 sp=0x000000524fef4780
Event: 19.267 Thread 0x000001eacb73e800 DEOPT UNPACKING pc=0x000001eab20e78af sp=0x000000524fef46b8 mode 2
Event: 19.386 Thread 0x000001eacf6c8000 Uncommon trap: trap_request=0xffffffdc fr.pc=0x000001eaba064ce8 relative=0x00000000000002a8
Event: 19.386 Thread 0x000001eacf6c8000 Uncommon trap: reason=class_check action=make_not_entrant pc=0x000001eaba064ce8 method=java.util.ArrayList.toArray([Ljava/lang/Object;)[Ljava/lang/Object; @ 21 c2
Event: 19.386 Thread 0x000001eacf6c8000 DEOPT PACKING pc=0x000001eaba064ce8 sp=0x00000052528fc5b0
Event: 19.386 Thread 0x000001eacf6c8000 DEOPT UNPACKING pc=0x000001eab20e78af sp=0x00000052528fc580 mode 2

Classes redefined (0 events):
No events

Internal exceptions (20 events):
Event: 14.540 Thread 0x000001eacf6c6800 Exception <a 'java/lang/NoSuchMethodError'{0x0000000086d54918}: <clinit>> (0x0000000086d54918) thrown at [./src/hotspot/share/prims/jni.cpp, line 1362]
Event: 14.784 Thread 0x000001eacbb36000 Exception <a 'java/lang/NoSuchMethodError'{0x0000000086bb4740}: <clinit>> (0x0000000086bb4740) thrown at [./src/hotspot/share/prims/jni.cpp, line 1362]
Event: 14.822 Thread 0x000001eacb73e800 Exception <a 'java/lang/NoSuchMethodError'{0x0000000086ac38e0}: 'java.lang.Object java.lang.invoke.Invokers$Holder.linkToTargetMethod(java.lang.Object, java.lang.Object, java.lang.Object, int, java.lang.Object, java.lang.Object)'> (0x0000000086ac38e0) thrown at [./src/hotspot/share/interpreter/linkResolver.cpp, line 773]
Event: 14.894 Thread 0x000001eacb73e800 Exception <a 'java/lang/IncompatibleClassChangeError'{0x000000008692e878}: Found class java.lang.Object, but interface was expected> (0x000000008692e878) thrown at [./src/hotspot/share/interpreter/linkResolver.cpp, line 839]
Event: 14.928 Thread 0x000001eacb73e800 Exception <a 'java/lang/NoSuchMethodError'{0x0000000086723368}: 'int java.lang.invoke.DirectMethodHandle$Holder.invokeStaticInit(java.lang.Object, java.lang.Object, java.lang.Object, java.lang.Object, java.lang.Object)'> (0x0000000086723368) thrown at [./src/hotspot/share/interpreter/linkResolver.cpp, line 773]
Event: 15.204 Thread 0x000001eacdaf3000 Exception <a 'java/lang/NoSuchMethodError'{0x0000000085be0d58}: 'java.lang.Object java.lang.invoke.DirectMethodHandle$Holder.invokeSpecialIFC(java.lang.Object, java.lang.Object, java.lang.Object)'> (0x0000000085be0d58) thrown at [./src/hotspot/share/interpreter/linkResolver.cpp, line 773]
Event: 15.204 Thread 0x000001eacdaef800 Exception <a 'java/lang/NoSuchMethodError'{0x0000000085bcf3a0}: 'java.lang.Object java.lang.invoke.DirectMethodHandle$Holder.invokeSpecialIFC(java.lang.Object, java.lang.Object, java.lang.Object)'> (0x0000000085bcf3a0) thrown at [./src/hotspot/share/interpreter/linkResolver.cpp, line 773]
Event: 15.204 Thread 0x000001eacdaf1800 Exception <a 'java/lang/NoSuchMethodError'{0x0000000085bc8b98}: 'java.lang.Object java.lang.invoke.DirectMethodHandle$Holder.invokeSpecialIFC(java.lang.Object, java.lang.Object, java.lang.Object)'> (0x0000000085bc8b98) thrown at [./src/hotspot/share/interpreter/linkResolver.cpp, line 773]
Event: 15.204 Thread 0x000001eacdaf2000 Exception <a 'java/lang/NoSuchMethodError'{0x0000000085bf5670}: 'java.lang.Object java.lang.invoke.DirectMethodHandle$Holder.invokeSpecialIFC(java.lang.Object, java.lang.Object, java.lang.Object)'> (0x0000000085bf5670) thrown at [./src/hotspot/share/interpreter/linkResolver.cpp, line 773]
Event: 15.204 Thread 0x000001eacb73e800 Exception <a 'java/lang/NoSuchMethodError'{0x0000000085dba008}: 'java.lang.Object java.lang.invoke.DirectMethodHandle$Holder.invokeSpecialIFC(java.lang.Object, java.lang.Object, java.lang.Object)'> (0x0000000085dba008) thrown at [./src/hotspot/share/interpreter/linkResolver.cpp, line 773]
Event: 15.204 Thread 0x000001eacdaf0800 Exception <a 'java/lang/NoSuchMethodError'{0x0000000085be6868}: 'java.lang.Object java.lang.invoke.DirectMethodHandle$Holder.invokeSpecialIFC(java.lang.Object, java.lang.Object, java.lang.Object)'> (0x0000000085be6868) thrown at [./src/hotspot/share/interpreter/linkResolver.cpp, line 773]
Event: 15.204 Thread 0x000001eacf6c1800 Exception <a 'java/lang/NoSuchMethodError'{0x0000000085bee9c0}: 'java.lang.Object java.lang.invoke.DirectMethodHandle$Holder.invokeSpecialIFC(java.lang.Object, java.lang.Object, java.lang.Object)'> (0x0000000085bee9c0) thrown at [./src/hotspot/share/interpreter/linkResolver.cpp, line 773]
Event: 15.212 Thread 0x000001eacf6c4000 Implicit null exception at 0x000001eab9dfbca4 to 0x000001eab9dfd070
Event: 15.212 Thread 0x000001eacdaf0800 Implicit null exception at 0x000001eab9dfbca4 to 0x000001eab9dfd070
Event: 15.212 Thread 0x000001eacf6c1800 Implicit null exception at 0x000001eab9dfbca4 to 0x000001eab9dfd070
Event: 15.212 Thread 0x000001eacf6c4000 Exception <a 'java/lang/NoSuchMethodError'{0x0000000087300348}: 'java.lang.Object java.lang.invoke.DirectMethodHandle$Holder.invokeSpecialIFC(java.lang.Object, java.lang.Object, java.lang.Object)'> (0x0000000087300348) thrown at [./src/hotspot/share/interpreter/linkResolver.cpp, line 773]
Event: 16.784 Thread 0x000001eacb73e800 Exception <a 'java/lang/NoSuchMethodError'{0x0000000087544240}: 'void java.lang.invoke.DirectMethodHandle$Holder.invokeVirtual(java.lang.Object, java.lang.Object)'> (0x0000000087544240) thrown at [./src/hotspot/share/interpreter/linkResolver.cpp, line 773]
Event: 18.457 Thread 0x000001eacb73e800 Implicit null exception at 0x000001eaba026e07 to 0x000001eaba027130
Event: 19.260 Thread 0x000001eacb73e800 Exception <a 'java/lang/NoSuchMethodError'{0x000000008885cb90}: <clinit>> (0x000000008885cb90) thrown at [./src/hotspot/share/prims/jni.cpp, line 1362]
Event: 19.267 Thread 0x000001eacb73e800 Exception <a 'java/lang/NoSuchMethodError'{0x000000008888d308}: <clinit>> (0x000000008888d308) thrown at [./src/hotspot/share/prims/jni.cpp, line 1362]

Events (20 events):
Event: 19.385 loading class com/android/aaptcompiler/ResourceCompiler$getCompileMethod$2 done
Event: 19.387 loading class com/android/aaptcompiler/ResourceFile
Event: 19.387 loading class com/android/aaptcompiler/ResourceFile done
Event: 19.388 loading class com/android/aaptcompiler/ResourceName
Event: 19.388 loading class com/android/aaptcompiler/ResourceName done
Event: 19.391 loading class com/android/aaptcompiler/ResourceName$Companion
Event: 19.391 loading class com/android/aaptcompiler/ResourceName$Companion done
Event: 19.392 loading class com/android/aaptcompiler/ResourceFile$Type
Event: 19.392 loading class com/android/aaptcompiler/ResourceFile$Type done
Event: 19.392 loading class com/android/aaptcompiler/Container
Event: 19.392 loading class com/android/aaptcompiler/Container done
Event: 19.393 loading class com/android/aaptcompiler/XmlProcessor
Event: 19.393 loading class com/android/aaptcompiler/XmlProcessor done
Event: 19.393 loading class com/android/aaptcompiler/Container$Companion
Event: 19.393 loading class com/android/aaptcompiler/Container$Companion done
Event: 19.395 loading class kotlin/io/ByteStreamsKt
Event: 19.395 loading class kotlin/io/ByteStreamsKt done
Event: 19.395 loading class kotlin/io/ByteStreamsKt
Event: 19.395 loading class kotlin/io/ByteStreamsKt done
Event: 19.397 Executing VM operation: G1CollectForAllocation


Dynamic libraries:
0x00007ff786bd0000 - 0x00007ff786bda000 	C:\Program Files\Android\Android Studio\jre\bin\java.exe
0x00007ff82acb0000 - 0x00007ff82aea5000 	C:\WINDOWS\SYSTEM32\ntdll.dll
0x00007ff829820000 - 0x00007ff8298de000 	C:\WINDOWS\System32\KERNEL32.DLL
0x00007ff828590000 - 0x00007ff828859000 	C:\WINDOWS\System32\KERNELBASE.dll
0x00007ff828860000 - 0x00007ff828960000 	C:\WINDOWS\System32\ucrtbase.dll
0x00007ff816f10000 - 0x00007ff816f29000 	C:\Program Files\Android\Android Studio\jre\bin\jli.dll
0x00007ff8161e0000 - 0x00007ff8161f7000 	C:\Program Files\Android\Android Studio\jre\bin\VCRUNTIME140.dll
0x00007ff8298e0000 - 0x00007ff829a81000 	C:\WINDOWS\System32\USER32.dll
0x00007ff811b50000 - 0x00007ff811dea000 	C:\WINDOWS\WinSxS\amd64_microsoft.windows.common-controls_6595b64144ccf1df_6.0.19041.1110_none_60b5254171f9507e\COMCTL32.dll
0x00007ff828530000 - 0x00007ff828552000 	C:\WINDOWS\System32\win32u.dll
0x00007ff82ab60000 - 0x00007ff82abfe000 	C:\WINDOWS\System32\msvcrt.dll
0x00007ff829d00000 - 0x00007ff829d2b000 	C:\WINDOWS\System32\GDI32.dll
0x00007ff8289c0000 - 0x00007ff828acb000 	C:\WINDOWS\System32\gdi32full.dll
0x00007ff828c60000 - 0x00007ff828cfd000 	C:\WINDOWS\System32\msvcp_win.dll
0x00007ff828d90000 - 0x00007ff828dc0000 	C:\WINDOWS\System32\IMM32.DLL
0x00007ffffafe0000 - 0x00007ffffb07d000 	C:\Program Files\Android\Android Studio\jre\bin\msvcp140.dll
0x00007fffb0060000 - 0x00007fffb0b2f000 	C:\Program Files\Android\Android Studio\jre\bin\server\jvm.dll
0x00007ff828ed0000 - 0x00007ff828f7c000 	C:\WINDOWS\System32\ADVAPI32.dll
0x00007ff829300000 - 0x00007ff82939b000 	C:\WINDOWS\System32\sechost.dll
0x00007ff828f80000 - 0x00007ff8290aa000 	C:\WINDOWS\System32\RPCRT4.dll
0x00007ff828dc0000 - 0x00007ff828dc8000 	C:\WINDOWS\System32\PSAPI.DLL
0x00007ff81e880000 - 0x00007ff81e8a7000 	C:\WINDOWS\SYSTEM32\WINMM.dll
0x00007ff812f60000 - 0x00007ff812f69000 	C:\WINDOWS\SYSTEM32\WSOCK32.dll
0x00007ff820dd0000 - 0x00007ff820dda000 	C:\WINDOWS\SYSTEM32\VERSION.dll
0x00007ff829d90000 - 0x00007ff829dfb000 	C:\WINDOWS\System32\WS2_32.dll
0x00007ff8262d0000 - 0x00007ff8262e2000 	C:\WINDOWS\SYSTEM32\kernel.appcore.dll
0x00007ffffe640000 - 0x00007ffffe651000 	C:\Program Files\Android\Android Studio\jre\bin\verify.dll
0x00007ff816400000 - 0x00007ff8165e4000 	C:\WINDOWS\SYSTEM32\DBGHELP.DLL
0x00007ff8122f0000 - 0x00007ff81231c000 	C:\WINDOWS\SYSTEM32\dbgcore.DLL
0x00007ff828bd0000 - 0x00007ff828c53000 	C:\WINDOWS\System32\bcryptPrimitives.dll
0x00007ffff72c0000 - 0x00007ffff72e9000 	C:\Program Files\Android\Android Studio\jre\bin\java.dll
0x00007ff812f30000 - 0x00007ff812f3b000 	C:\Program Files\Android\Android Studio\jre\bin\jimage.dll
0x00007ffffe5c0000 - 0x00007ffffe5d8000 	C:\Program Files\Android\Android Studio\jre\bin\zip.dll
0x00007ff829e60000 - 0x00007ff82a59f000 	C:\WINDOWS\System32\SHELL32.dll
0x00007ff8264d0000 - 0x00007ff826c60000 	C:\WINDOWS\SYSTEM32\windows.storage.dll
0x00007ff82a800000 - 0x00007ff82ab55000 	C:\WINDOWS\System32\combase.dll
0x00007ff827d50000 - 0x00007ff827d7c000 	C:\WINDOWS\SYSTEM32\Wldp.dll
0x00007ff82a750000 - 0x00007ff82a7fe000 	C:\WINDOWS\System32\SHCORE.dll
0x00007ff82ac00000 - 0x00007ff82ac55000 	C:\WINDOWS\System32\shlwapi.dll
0x00007ff828310000 - 0x00007ff82832f000 	C:\WINDOWS\SYSTEM32\profapi.dll
0x00007ffffd430000 - 0x00007ffffd44a000 	C:\Program Files\Android\Android Studio\jre\bin\net.dll
0x00007ff8154c0000 - 0x00007ff8155c8000 	C:\WINDOWS\SYSTEM32\WINHTTP.dll
0x00007ff827ab0000 - 0x00007ff827b1a000 	C:\WINDOWS\system32\mswsock.dll
0x00007ffff7510000 - 0x00007ffff7524000 	C:\Program Files\Android\Android Studio\jre\bin\nio.dll
0x00007ffff6850000 - 0x00007ffff6877000 	C:\Users\souvik dey\.gradle\native\8bec1ad78214c89d9ad589b4d07fe93259594b29d510b10fafb7a158f7737e5d\windows-amd64\native-platform.dll
0x00007fffdd4f0000 - 0x00007fffdd62d000 	C:\Users\souvik dey\.gradle\native\53dbd7edfb1c66fb8903c78663c9afc45aea4f116125fa6feffd364cf09443e8\windows-amd64\native-platform-file-events.dll
0x00007ff812e30000 - 0x00007ff812e3a000 	C:\Program Files\Android\Android Studio\jre\bin\management.dll
0x00007ff80f390000 - 0x00007ff80f39c000 	C:\Program Files\Android\Android Studio\jre\bin\management_ext.dll
0x00007ff827ca0000 - 0x00007ff827cb8000 	C:\WINDOWS\SYSTEM32\CRYPTSP.dll
0x00007ff827430000 - 0x00007ff827464000 	C:\WINDOWS\system32\rsaenh.dll
0x00007ff828560000 - 0x00007ff828587000 	C:\WINDOWS\System32\bcrypt.dll
0x00007ff8282d0000 - 0x00007ff8282fe000 	C:\WINDOWS\SYSTEM32\USERENV.dll
0x00007ff827cc0000 - 0x00007ff827ccc000 	C:\WINDOWS\SYSTEM32\CRYPTBASE.dll
0x00007ff8277a0000 - 0x00007ff8277db000 	C:\WINDOWS\SYSTEM32\IPHLPAPI.DLL
0x00007ff82ac60000 - 0x00007ff82ac68000 	C:\WINDOWS\System32\NSI.dll
0x00007ff81e860000 - 0x00007ff81e877000 	C:\WINDOWS\SYSTEM32\dhcpcsvc6.DLL
0x00007ff81ef40000 - 0x00007ff81ef5d000 	C:\WINDOWS\SYSTEM32\dhcpcsvc.DLL
0x00007ff8277e0000 - 0x00007ff8278ac000 	C:\WINDOWS\SYSTEM32\DNSAPI.dll

dbghelp: loaded successfully - version: 4.0.5 - missing functions: none
symbol engine: initialized successfully - sym options: 0x614 - pdb path: .;C:\Program Files\Android\Android Studio\jre\bin;C:\WINDOWS\SYSTEM32;C:\WINDOWS\WinSxS\amd64_microsoft.windows.common-controls_6595b64144ccf1df_6.0.19041.1110_none_60b5254171f9507e;C:\Program Files\Android\Android Studio\jre\bin\server;C:\Users\souvik dey\.gradle\native\8bec1ad78214c89d9ad589b4d07fe93259594b29d510b10fafb7a158f7737e5d\windows-amd64;C:\Users\souvik dey\.gradle\native\53dbd7edfb1c66fb8903c78663c9afc45aea4f116125fa6feffd364cf09443e8\windows-amd64

VM Arguments:
jvm_args: --add-opens=java.base/java.util=ALL-UNNAMED --add-opens=java.base/java.lang=ALL-UNNAMED --add-opens=java.base/java.lang.invoke=ALL-UNNAMED --add-opens=java.base/java.util=ALL-UNNAMED --add-opens=java.prefs/java.util.prefs=ALL-UNNAMED --add-opens=java.prefs/java.util.prefs=ALL-UNNAMED --add-opens=java.base/java.nio.charset=ALL-UNNAMED --add-opens=java.base/java.net=ALL-UNNAMED --add-opens=java.base/java.util.concurrent.atomic=ALL-UNNAMED -Xmx2048m -Dfile.encoding=UTF-8 -Duser.country=IN -Duser.language=en -Duser.variant 
java_command: org.gradle.launcher.daemon.bootstrap.GradleDaemon 7.0.2
java_class_path (initial): C:\Users\souvik dey\.gradle\wrapper\dists\gradle-7.0.2-bin\857tjihv64xamwrf0h14cai3r\gradle-7.0.2\lib\gradle-launcher-7.0.2.jar
Launcher Type: SUN_STANDARD

[Global flags]
     intx CICompilerCount                          = 4                                         {product} {ergonomic}
     uint ConcGCThreads                            = 2                                         {product} {ergonomic}
     uint G1ConcRefinementThreads                  = 8                                         {product} {ergonomic}
   size_t G1HeapRegionSize                         = 1048576                                   {product} {ergonomic}
    uintx GCDrainStackTargetSize                   = 64                                        {product} {ergonomic}
   size_t InitialHeapSize                          = 100663296                                 {product} {ergonomic}
   size_t MarkStackSize                            = 4194304                                   {product} {ergonomic}
   size_t MaxHeapSize                              = 2147483648                                {product} {command line}
   size_t MaxNewSize                               = 1287651328                                {product} {ergonomic}
   size_t MinHeapDeltaBytes                        = 1048576                                   {product} {ergonomic}
    uintx NonNMethodCodeHeapSize                   = 5836300                                {pd product} {ergonomic}
    uintx NonProfiledCodeHeapSize                  = 122910970                              {pd product} {ergonomic}
    uintx ProfiledCodeHeapSize                     = 122910970                              {pd product} {ergonomic}
    uintx ReservedCodeCacheSize                    = 251658240                              {pd product} {ergonomic}
     bool SegmentedCodeCache                       = true                                      {product} {ergonomic}
     bool UseCompressedClassPointers               = true                                 {lp64_product} {ergonomic}
     bool UseCompressedOops                        = true                                 {lp64_product} {ergonomic}
     bool UseG1GC                                  = true                                      {product} {ergonomic}
     bool UseLargePagesIndividualAllocation        = false                                  {pd product} {ergonomic}

Logging:
Log output configuration:
 #0: stdout all=warning uptime,level,tags
 #1: stderr all=off uptime,level,tags

Environment Variables:
PATH=C:\python 3.9.1\Scripts\;C:\python 3.9.1\;C:\WINDOWS\system32;C:\WINDOWS;C:\WINDOWS\System32\Wbem;C:\WINDOWS\System32\WindowsPowerShell\v1.0\;C:\WINDOWS\System32\OpenSSH\;C:\MinGW\bin;C:\Users\souvik dey\AppData\Local\Microsoft\WindowsApps;C:\Users\souvik dey\AppData\Local\atom\bin
USERNAME=souvik dey
OS=Windows_NT
PROCESSOR_IDENTIFIER=AMD64 Family 23 Model 24 Stepping 1, AuthenticAMD



---------------  S Y S T E M  ---------------

OS: Windows 10 , 64 bit Build 19041 (10.0.19041.1202)
OS uptime: 15 days 17:19 hours

CPU:total 8 (initial active 8) (8 cores per cpu, 2 threads per core) family 23 model 24 stepping 1 microcode 0x0, cmov, cx8, fxsr, mmx, sse, sse2, sse3, ssse3, sse4.1, sse4.2, popcnt, avx, avx2, aes, clmul, mmxext, 3dnowpref, lzcnt, sse4a, ht, tsc, tscinvbit, tscinv, bmi1, bmi2, adx, s

Memory: 4k page, system-wide physical 6058M (554M free)
TotalPageFile size 24490M (AvailPageFile size 0M)
current process WorkingSet (physical memory assigned to process): 353M, peak: 363M
current process commit charge ("private bytes"): 426M, peak: 459M

vm_info: OpenJDK 64-Bit Server VM (11.0.10+0-b96-7249189) for windows-amd64 JRE (11.0.10+0-b96-7249189), built on Mar 31 2021 21:44:00 by "builder" with MS VC++ 14.0 (VS2015)

END.
