#
# There is insufficient memory for the Java Runtime Environment to continue.
# Native memory allocation (malloc) failed to allocate 1415536 bytes for Chunk::new
# Possible reasons:
#   The system is out of physical RAM or swap space
#   The process is running with CompressedOops enabled, and the Java Heap may be blocking the growth of the native heap
# Possible solutions:
#   Reduce memory load on the system
#   Increase physical memory or swap space
#   Check if swap backing store is full
#   Decrease Java heap size (-Xmx/-Xms)
#   Decrease number of Java threads
#   Decrease Java thread stack sizes (-Xss)
#   Set larger code cache with -XX:ReservedCodeCacheSize=
#   JVM is running with Unscaled Compressed Oops mode in which the Java heap is
#     placed in the first 4GB address space. The Java Heap base address is the
#     maximum limit for the native heap growth. Please use -XX:HeapBaseMinAddress
#     to set the Java Heap base and to place the Java Heap above 4GB virtual address.
# This output file may be truncated or incomplete.
#
#  Out of Memory Error (./src/hotspot/share/memory/arena.cpp:197), pid=2896, tid=24560
#
# JRE version: OpenJDK Runtime Environment (11.0.10) (build 11.0.10+0-b96-7249189)
# Java VM: OpenJDK 64-Bit Server VM (11.0.10+0-b96-7249189, mixed mode, tiered, compressed oops, g1 gc, windows-amd64)
# No core dump will be written. Minidumps are not enabled by default on client versions of Windows
#

---------------  S U M M A R Y ------------

Command Line: org.jetbrains.kotlin.cli.jvm.K2JVMCompiler @E:\my programming\android projects\lifetime calculator\app\build\20211004_10612186843330736380.compiler.options

Host: AMD Ryzen 5 3500U with Radeon Vega Mobile Gfx  , 8 cores, 5G,  Windows 10 , 64 bit Build 19041 (10.0.19041.1202)
Time: Mon Oct  4 03:50:16 2021 India Standard Time elapsed time: 3.424455 seconds (0d 0h 0m 3s)

---------------  T H R E A D  ---------------

Current thread (0x000001d7cd7ad000):  JavaThread "C2 CompilerThread0" daemon [_thread_in_native, id=24560, stack(0x0000009179800000,0x0000009179900000)]


Current CompileTask:
C2:   3424 2781       4       java.lang.ClassLoader::loadClass (7 bytes)

Stack: [0x0000009179800000,0x0000009179900000]
Native frames: (J=compiled Java code, j=interpreted, Vv=VM code, C=native code)
V  [jvm.dll+0x5ecfaa]
V  [jvm.dll+0x722bd5]
V  [jvm.dll+0x72412d]
V  [jvm.dll+0x7247e3]
V  [jvm.dll+0x242928]
V  [jvm.dll+0xbc4fc]
V  [jvm.dll+0xbca0c]
V  [jvm.dll+0x2b4fd4]
V  [jvm.dll+0x506028]
V  [jvm.dll+0x203253]
V  [jvm.dll+0x1fd07c]
V  [jvm.dll+0x1fa77f]
V  [jvm.dll+0x18354c]
V  [jvm.dll+0x208ee7]
V  [jvm.dll+0x207731]
V  [jvm.dll+0x6eb1cf]
V  [jvm.dll+0x6e3d45]
V  [jvm.dll+0x5ebe96]
C  [ucrtbase.dll+0x21bb2]
C  [KERNEL32.DLL+0x17034]
C  [ntdll.dll+0x52651]


---------------  P R O C E S S  ---------------

Threads class SMR info:
_java_thread_list=0x000001d7ce277770, length=11, elements={
0x000001d7b2738800, 0x000001d7cd77f000, 0x000001d7cd780800, 0x000001d7ce142800,
0x000001d7cd799800, 0x000001d7cd79b800, 0x000001d7cd7ad000, 0x000001d7cd7ae000,
0x000001d7cd7b8000, 0x000001d7ce27a000, 0x000001d7ce274800
}

Java Threads: ( => current thread )
  0x000001d7b2738800 JavaThread "main" [_thread_in_Java, id=10316, stack(0x0000009178c00000,0x0000009178d00000)]
  0x000001d7cd77f000 JavaThread "Reference Handler" daemon [_thread_blocked, id=9084, stack(0x0000009179300000,0x0000009179400000)]
  0x000001d7cd780800 JavaThread "Finalizer" daemon [_thread_blocked, id=24072, stack(0x0000009179400000,0x0000009179500000)]
  0x000001d7ce142800 JavaThread "Signal Dispatcher" daemon [_thread_blocked, id=17740, stack(0x0000009179500000,0x0000009179600000)]
  0x000001d7cd799800 JavaThread "Attach Listener" daemon [_thread_blocked, id=14636, stack(0x0000009179600000,0x0000009179700000)]
  0x000001d7cd79b800 JavaThread "Service Thread" daemon [_thread_blocked, id=8664, stack(0x0000009179700000,0x0000009179800000)]
=>0x000001d7cd7ad000 JavaThread "C2 CompilerThread0" daemon [_thread_in_native, id=24560, stack(0x0000009179800000,0x0000009179900000)]
  0x000001d7cd7ae000 JavaThread "C1 CompilerThread0" daemon [_thread_blocked, id=24404, stack(0x0000009179900000,0x0000009179a00000)]
  0x000001d7cd7b8000 JavaThread "Sweeper thread" daemon [_thread_blocked, id=21836, stack(0x0000009179a00000,0x0000009179b00000)]
  0x000001d7ce27a000 JavaThread "Common-Cleaner" daemon [_thread_blocked, id=23624, stack(0x0000009179c00000,0x0000009179d00000)]
  0x000001d7ce274800 JavaThread "C2 CompilerThread1" daemon [_thread_in_native, id=22740, stack(0x0000009179d00000,0x0000009179e00000)]

Other Threads:
  0x000001d7cd77c800 VMThread "VM Thread" [stack: 0x0000009179200000,0x0000009179300000] [id=22428]
  0x000001d7ce27b800 WatcherThread [stack: 0x0000009179b00000,0x0000009179c00000] [id=8072]
  0x000001d7b2750000 GCTaskThread "GC Thread#0" [stack: 0x0000009178d00000,0x0000009178e00000] [id=14312]
  0x000001d7ce8a2000 GCTaskThread "GC Thread#1" [stack: 0x0000009179e00000,0x0000009179f00000] [id=23072]
  0x000001d7b2775800 ConcurrentGCThread "G1 Main Marker" [stack: 0x0000009178e00000,0x0000009178f00000] [id=14676]
  0x000001d7b2778000 ConcurrentGCThread "G1 Conc#0" [stack: 0x0000009178f00000,0x0000009179000000] [id=16332]
  0x000001d7cf607000 ConcurrentGCThread "G1 Conc#1" [stack: 0x0000009179f00000,0x000000917a000000] [id=11652]
  0x000001d7b27ff000 ConcurrentGCThread "G1 Refine#0" [stack: 0x0000009179000000,0x0000009179100000] [id=8744]
  0x000001d7b2800000 ConcurrentGCThread "G1 Young RemSet Sampling" [stack: 0x0000009179100000,0x0000009179200000] [id=20444]

Threads with active compile tasks:
C2 CompilerThread0   3448 2781       4       java.lang.ClassLoader::loadClass (7 bytes)
C1 CompilerThread0   3448 2904       3       org.jetbrains.kotlin.load.java.structure.impl.classFiles.BinaryClassSignatureParser::parseParameterizedClassRefSignature (278 bytes)
C2 CompilerThread1   3448 2899       4       org.jetbrains.org.objectweb.asm.ClassReader::readUtf (161 bytes)

VM state:not at safepoint (normal execution)

VM Mutex/Monitor currently owned by a thread: None

Heap address: 0x00000000a1400000, size: 1516 MB, Compressed Oops mode: 32-bit
Narrow klass base: 0x0000000000000000, Narrow klass shift: 3
Compressed class space size: 1073741824 Address: 0x0000000100000000

Heap:
 garbage-first heap   total 132096K, used 34330K [0x00000000a1400000, 0x0000000100000000)
  region size 1024K, 12 young (12288K), 5 survivors (5120K)
 Metaspace       used 44687K, capacity 45157K, committed 45312K, reserved 1089536K
  class space    used 5354K, capacity 5540K, committed 5632K, reserved 1048576K
Heap Regions: E=young(eden), S=young(survivor), O=old, HS=humongous(starts), HC=humongous(continues), CS=collection set, F=free, A=archive, TAMS=top-at-mark-start (previous, next)
|   0|0x00000000a1400000, 0x00000000a1500000, 0x00000000a1500000|100%|HS|  |TAMS 0x00000000a1500000, 0x00000000a1400000| Complete 
|   1|0x00000000a1500000, 0x00000000a1600000, 0x00000000a1600000|100%|HC|  |TAMS 0x00000000a1600000, 0x00000000a1500000| Complete 
|   2|0x00000000a1600000, 0x00000000a1700000, 0x00000000a1700000|100%|HC|  |TAMS 0x00000000a1700000, 0x00000000a1600000| Complete 
|   3|0x00000000a1700000, 0x00000000a1800000, 0x00000000a1800000|100%|HS|  |TAMS 0x00000000a1800000, 0x00000000a1700000| Complete 
|   4|0x00000000a1800000, 0x00000000a1900000, 0x00000000a1900000|100%|HC|  |TAMS 0x00000000a1900000, 0x00000000a1800000| Complete 
|   5|0x00000000a1900000, 0x00000000a1a00000, 0x00000000a1a00000|100%|HC|  |TAMS 0x00000000a1a00000, 0x00000000a1900000| Complete 
|   6|0x00000000a1a00000, 0x00000000a1b00000, 0x00000000a1b00000|100%|HS|  |TAMS 0x00000000a1b00000, 0x00000000a1a00000| Complete 
|   7|0x00000000a1b00000, 0x00000000a1c00000, 0x00000000a1c00000|100%|HC|  |TAMS 0x00000000a1c00000, 0x00000000a1b00000| Complete 
|   8|0x00000000a1c00000, 0x00000000a1d00000, 0x00000000a1d00000|100%|HC|  |TAMS 0x00000000a1d00000, 0x00000000a1c00000| Complete 
|   9|0x00000000a1d00000, 0x00000000a1e00000, 0x00000000a1e00000|100%| O|  |TAMS 0x00000000a1e00000, 0x00000000a1d00000| Untracked 
|  10|0x00000000a1e00000, 0x00000000a1f00000, 0x00000000a1f00000|100%| O|  |TAMS 0x00000000a1f00000, 0x00000000a1e00000| Untracked 
|  11|0x00000000a1f00000, 0x00000000a2000000, 0x00000000a2000000|100%| O|  |TAMS 0x00000000a2000000, 0x00000000a1f00000| Untracked 
|  12|0x00000000a2000000, 0x00000000a2100000, 0x00000000a2100000|100%| O|  |TAMS 0x00000000a2100000, 0x00000000a2000000| Untracked 
|  13|0x00000000a2100000, 0x00000000a2200000, 0x00000000a2200000|100%|HS|  |TAMS 0x00000000a2200000, 0x00000000a2100000| Complete 
|  14|0x00000000a2200000, 0x00000000a2300000, 0x00000000a2300000|100%|HC|  |TAMS 0x00000000a2300000, 0x00000000a2200000| Complete 
|  15|0x00000000a2300000, 0x00000000a2400000, 0x00000000a2400000|100%| O|  |TAMS 0x00000000a2400000, 0x00000000a2300000| Untracked 
|  16|0x00000000a2400000, 0x00000000a2500000, 0x00000000a2500000|100%| O|  |TAMS 0x00000000a2500000, 0x00000000a2400000| Untracked 
|  17|0x00000000a2500000, 0x00000000a2600000, 0x00000000a2600000|100%| O|  |TAMS 0x00000000a2600000, 0x00000000a2500000| Untracked 
|  18|0x00000000a2600000, 0x00000000a2700000, 0x00000000a2700000|100%| O|  |TAMS 0x00000000a2700000, 0x00000000a2600000| Untracked 
|  19|0x00000000a2700000, 0x00000000a2800000, 0x00000000a2800000|100%| O|  |TAMS 0x00000000a2800000, 0x00000000a2700000| Untracked 
|  20|0x00000000a2800000, 0x00000000a2900000, 0x00000000a2900000|100%| O|  |TAMS 0x00000000a2900000, 0x00000000a2800000| Untracked 
|  21|0x00000000a2900000, 0x00000000a2a00000, 0x00000000a2a00000|100%| O|  |TAMS 0x00000000a2a00000, 0x00000000a2900000| Untracked 
|  22|0x00000000a2a00000, 0x00000000a2ac0000, 0x00000000a2b00000| 75%| O|  |TAMS 0x00000000a2ac0000, 0x00000000a2a00000| Untracked 
|  23|0x00000000a2b00000, 0x00000000a2b00000, 0x00000000a2c00000|  0%| F|  |TAMS 0x00000000a2b00000, 0x00000000a2b00000| Untracked 
|  24|0x00000000a2c00000, 0x00000000a2c00000, 0x00000000a2d00000|  0%| F|  |TAMS 0x00000000a2c00000, 0x00000000a2c00000| Untracked 
|  25|0x00000000a2d00000, 0x00000000a2d00000, 0x00000000a2e00000|  0%| F|  |TAMS 0x00000000a2d00000, 0x00000000a2d00000| Untracked 
|  26|0x00000000a2e00000, 0x00000000a2e00000, 0x00000000a2f00000|  0%| F|  |TAMS 0x00000000a2e00000, 0x00000000a2e00000| Untracked 
|  27|0x00000000a2f00000, 0x00000000a2f00000, 0x00000000a3000000|  0%| F|  |TAMS 0x00000000a2f00000, 0x00000000a2f00000| Untracked 
|  28|0x00000000a3000000, 0x00000000a3000000, 0x00000000a3100000|  0%| F|  |TAMS 0x00000000a3000000, 0x00000000a3000000| Untracked 
|  29|0x00000000a3100000, 0x00000000a3100000, 0x00000000a3200000|  0%| F|  |TAMS 0x00000000a3100000, 0x00000000a3100000| Untracked 
|  30|0x00000000a3200000, 0x00000000a3200000, 0x00000000a3300000|  0%| F|  |TAMS 0x00000000a3200000, 0x00000000a3200000| Untracked 
|  31|0x00000000a3300000, 0x00000000a3300000, 0x00000000a3400000|  0%| F|  |TAMS 0x00000000a3300000, 0x00000000a3300000| Untracked 
|  32|0x00000000a3400000, 0x00000000a3400000, 0x00000000a3500000|  0%| F|  |TAMS 0x00000000a3400000, 0x00000000a3400000| Untracked 
|  33|0x00000000a3500000, 0x00000000a3500000, 0x00000000a3600000|  0%| F|  |TAMS 0x00000000a3500000, 0x00000000a3500000| Untracked 
|  34|0x00000000a3600000, 0x00000000a3600000, 0x00000000a3700000|  0%| F|  |TAMS 0x00000000a3600000, 0x00000000a3600000| Untracked 
|  35|0x00000000a3700000, 0x00000000a3700000, 0x00000000a3800000|  0%| F|  |TAMS 0x00000000a3700000, 0x00000000a3700000| Untracked 
|  36|0x00000000a3800000, 0x00000000a3800000, 0x00000000a3900000|  0%| F|  |TAMS 0x00000000a3800000, 0x00000000a3800000| Untracked 
|  37|0x00000000a3900000, 0x00000000a3900000, 0x00000000a3a00000|  0%| F|  |TAMS 0x00000000a3900000, 0x00000000a3900000| Untracked 
|  38|0x00000000a3a00000, 0x00000000a3a00000, 0x00000000a3b00000|  0%| F|  |TAMS 0x00000000a3a00000, 0x00000000a3a00000| Untracked 
|  39|0x00000000a3b00000, 0x00000000a3b00000, 0x00000000a3c00000|  0%| F|  |TAMS 0x00000000a3b00000, 0x00000000a3b00000| Untracked 
|  40|0x00000000a3c00000, 0x00000000a3c00000, 0x00000000a3d00000|  0%| F|  |TAMS 0x00000000a3c00000, 0x00000000a3c00000| Untracked 
|  41|0x00000000a3d00000, 0x00000000a3d00000, 0x00000000a3e00000|  0%| F|  |TAMS 0x00000000a3d00000, 0x00000000a3d00000| Untracked 
|  42|0x00000000a3e00000, 0x00000000a3e00000, 0x00000000a3f00000|  0%| F|  |TAMS 0x00000000a3e00000, 0x00000000a3e00000| Untracked 
|  43|0x00000000a3f00000, 0x00000000a3f00000, 0x00000000a4000000|  0%| F|  |TAMS 0x00000000a3f00000, 0x00000000a3f00000| Untracked 
|  44|0x00000000a4000000, 0x00000000a4000000, 0x00000000a4100000|  0%| F|  |TAMS 0x00000000a4000000, 0x00000000a4000000| Untracked 
|  45|0x00000000a4100000, 0x00000000a4100000, 0x00000000a4200000|  0%| F|  |TAMS 0x00000000a4100000, 0x00000000a4100000| Untracked 
|  46|0x00000000a4200000, 0x00000000a4200000, 0x00000000a4300000|  0%| F|  |TAMS 0x00000000a4200000, 0x00000000a4200000| Untracked 
|  47|0x00000000a4300000, 0x00000000a4300000, 0x00000000a4400000|  0%| F|  |TAMS 0x00000000a4300000, 0x00000000a4300000| Untracked 
|  48|0x00000000a4400000, 0x00000000a4400000, 0x00000000a4500000|  0%| F|  |TAMS 0x00000000a4400000, 0x00000000a4400000| Untracked 
|  49|0x00000000a4500000, 0x00000000a4500000, 0x00000000a4600000|  0%| F|  |TAMS 0x00000000a4500000, 0x00000000a4500000| Untracked 
|  50|0x00000000a4600000, 0x00000000a4600000, 0x00000000a4700000|  0%| F|  |TAMS 0x00000000a4600000, 0x00000000a4600000| Untracked 
|  51|0x00000000a4700000, 0x00000000a47c69f8, 0x00000000a4800000| 77%| S|CS|TAMS 0x00000000a4700000, 0x00000000a4700000| Complete 
|  52|0x00000000a4800000, 0x00000000a4900000, 0x00000000a4900000|100%| S|CS|TAMS 0x00000000a4800000, 0x00000000a4800000| Complete 
|  53|0x00000000a4900000, 0x00000000a4a00000, 0x00000000a4a00000|100%| S|CS|TAMS 0x00000000a4900000, 0x00000000a4900000| Complete 
|  54|0x00000000a4a00000, 0x00000000a4b00000, 0x00000000a4b00000|100%| S|CS|TAMS 0x00000000a4a00000, 0x00000000a4a00000| Complete 
|  55|0x00000000a4b00000, 0x00000000a4c00000, 0x00000000a4c00000|100%| S|CS|TAMS 0x00000000a4b00000, 0x00000000a4b00000| Complete 
|  56|0x00000000a4c00000, 0x00000000a4c00000, 0x00000000a4d00000|  0%| F|  |TAMS 0x00000000a4c00000, 0x00000000a4c00000| Untracked 
|  57|0x00000000a4d00000, 0x00000000a4d00000, 0x00000000a4e00000|  0%| F|  |TAMS 0x00000000a4d00000, 0x00000000a4d00000| Untracked 
|  58|0x00000000a4e00000, 0x00000000a4e00000, 0x00000000a4f00000|  0%| F|  |TAMS 0x00000000a4e00000, 0x00000000a4e00000| Untracked 
|  59|0x00000000a4f00000, 0x00000000a4f00000, 0x00000000a5000000|  0%| F|  |TAMS 0x00000000a4f00000, 0x00000000a4f00000| Untracked 
|  60|0x00000000a5000000, 0x00000000a5000000, 0x00000000a5100000|  0%| F|  |TAMS 0x00000000a5000000, 0x00000000a5000000| Untracked 
|  61|0x00000000a5100000, 0x00000000a5100000, 0x00000000a5200000|  0%| F|  |TAMS 0x00000000a5100000, 0x00000000a5100000| Untracked 
|  62|0x00000000a5200000, 0x00000000a5200000, 0x00000000a5300000|  0%| F|  |TAMS 0x00000000a5200000, 0x00000000a5200000| Untracked 
|  63|0x00000000a5300000, 0x00000000a5300000, 0x00000000a5400000|  0%| F|  |TAMS 0x00000000a5300000, 0x00000000a5300000| Untracked 
|  64|0x00000000a5400000, 0x00000000a5400000, 0x00000000a5500000|  0%| F|  |TAMS 0x00000000a5400000, 0x00000000a5400000| Untracked 
|  65|0x00000000a5500000, 0x00000000a5500000, 0x00000000a5600000|  0%| F|  |TAMS 0x00000000a5500000, 0x00000000a5500000| Untracked 
|  66|0x00000000a5600000, 0x00000000a5600000, 0x00000000a5700000|  0%| F|  |TAMS 0x00000000a5600000, 0x00000000a5600000| Untracked 
|  67|0x00000000a5700000, 0x00000000a5700000, 0x00000000a5800000|  0%| F|  |TAMS 0x00000000a5700000, 0x00000000a5700000| Untracked 
|  68|0x00000000a5800000, 0x00000000a5800000, 0x00000000a5900000|  0%| F|  |TAMS 0x00000000a5800000, 0x00000000a5800000| Untracked 
|  69|0x00000000a5900000, 0x00000000a5900000, 0x00000000a5a00000|  0%| F|  |TAMS 0x00000000a5900000, 0x00000000a5900000| Untracked 
|  70|0x00000000a5a00000, 0x00000000a5a00000, 0x00000000a5b00000|  0%| F|  |TAMS 0x00000000a5a00000, 0x00000000a5a00000| Untracked 
|  71|0x00000000a5b00000, 0x00000000a5b00000, 0x00000000a5c00000|  0%| F|  |TAMS 0x00000000a5b00000, 0x00000000a5b00000| Untracked 
|  72|0x00000000a5c00000, 0x00000000a5c00000, 0x00000000a5d00000|  0%| F|  |TAMS 0x00000000a5c00000, 0x00000000a5c00000| Untracked 
|  73|0x00000000a5d00000, 0x00000000a5d00000, 0x00000000a5e00000|  0%| F|  |TAMS 0x00000000a5d00000, 0x00000000a5d00000| Untracked 
|  74|0x00000000a5e00000, 0x00000000a5e00000, 0x00000000a5f00000|  0%| F|  |TAMS 0x00000000a5e00000, 0x00000000a5e00000| Untracked 
|  75|0x00000000a5f00000, 0x00000000a5f00000, 0x00000000a6000000|  0%| F|  |TAMS 0x00000000a5f00000, 0x00000000a5f00000| Untracked 
|  76|0x00000000a6000000, 0x00000000a6000000, 0x00000000a6100000|  0%| F|  |TAMS 0x00000000a6000000, 0x00000000a6000000| Untracked 
|  77|0x00000000a6100000, 0x00000000a6100000, 0x00000000a6200000|  0%| F|  |TAMS 0x00000000a6100000, 0x00000000a6100000| Untracked 
|  78|0x00000000a6200000, 0x00000000a6200000, 0x00000000a6300000|  0%| F|  |TAMS 0x00000000a6200000, 0x00000000a6200000| Untracked 
|  79|0x00000000a6300000, 0x00000000a6300000, 0x00000000a6400000|  0%| F|  |TAMS 0x00000000a6300000, 0x00000000a6300000| Untracked 
|  80|0x00000000a6400000, 0x00000000a6400000, 0x00000000a6500000|  0%| F|  |TAMS 0x00000000a6400000, 0x00000000a6400000| Untracked 
|  81|0x00000000a6500000, 0x00000000a6500000, 0x00000000a6600000|  0%| F|  |TAMS 0x00000000a6500000, 0x00000000a6500000| Untracked 
|  82|0x00000000a6600000, 0x00000000a6600000, 0x00000000a6700000|  0%| F|  |TAMS 0x00000000a6600000, 0x00000000a6600000| Untracked 
|  83|0x00000000a6700000, 0x00000000a6700000, 0x00000000a6800000|  0%| F|  |TAMS 0x00000000a6700000, 0x00000000a6700000| Untracked 
|  84|0x00000000a6800000, 0x00000000a6800000, 0x00000000a6900000|  0%| F|  |TAMS 0x00000000a6800000, 0x00000000a6800000| Untracked 
|  85|0x00000000a6900000, 0x00000000a6900000, 0x00000000a6a00000|  0%| F|  |TAMS 0x00000000a6900000, 0x00000000a6900000| Untracked 
|  86|0x00000000a6a00000, 0x00000000a6a00000, 0x00000000a6b00000|  0%| F|  |TAMS 0x00000000a6a00000, 0x00000000a6a00000| Untracked 
|  87|0x00000000a6b00000, 0x00000000a6b00000, 0x00000000a6c00000|  0%| F|  |TAMS 0x00000000a6b00000, 0x00000000a6b00000| Untracked 
|  88|0x00000000a6c00000, 0x00000000a6c00000, 0x00000000a6d00000|  0%| F|  |TAMS 0x00000000a6c00000, 0x00000000a6c00000| Untracked 
|  89|0x00000000a6d00000, 0x00000000a6d00000, 0x00000000a6e00000|  0%| F|  |TAMS 0x00000000a6d00000, 0x00000000a6d00000| Untracked 
|  90|0x00000000a6e00000, 0x00000000a6e00000, 0x00000000a6f00000|  0%| F|  |TAMS 0x00000000a6e00000, 0x00000000a6e00000| Untracked 
|  91|0x00000000a6f00000, 0x00000000a6f00000, 0x00000000a7000000|  0%| F|  |TAMS 0x00000000a6f00000, 0x00000000a6f00000| Untracked 
|  92|0x00000000a7000000, 0x00000000a7000000, 0x00000000a7100000|  0%| F|  |TAMS 0x00000000a7000000, 0x00000000a7000000| Untracked 
|  93|0x00000000a7100000, 0x00000000a7100000, 0x00000000a7200000|  0%| F|  |TAMS 0x00000000a7100000, 0x00000000a7100000| Untracked 
|  94|0x00000000a7200000, 0x00000000a7200000, 0x00000000a7300000|  0%| F|  |TAMS 0x00000000a7200000, 0x00000000a7200000| Untracked 
|  95|0x00000000a7300000, 0x00000000a7300000, 0x00000000a7400000|  0%| F|  |TAMS 0x00000000a7300000, 0x00000000a7300000| Untracked 
|  96|0x00000000a7400000, 0x00000000a7400000, 0x00000000a7500000|  0%| F|  |TAMS 0x00000000a7400000, 0x00000000a7400000| Untracked 
|  97|0x00000000a7500000, 0x00000000a7500000, 0x00000000a7600000|  0%| F|  |TAMS 0x00000000a7500000, 0x00000000a7500000| Untracked 
|  98|0x00000000a7600000, 0x00000000a7600000, 0x00000000a7700000|  0%| F|  |TAMS 0x00000000a7600000, 0x00000000a7600000| Untracked 
|  99|0x00000000a7700000, 0x00000000a7700000, 0x00000000a7800000|  0%| F|  |TAMS 0x00000000a7700000, 0x00000000a7700000| Untracked 
| 100|0x00000000a7800000, 0x00000000a7800000, 0x00000000a7900000|  0%| F|  |TAMS 0x00000000a7800000, 0x00000000a7800000| Untracked 
| 101|0x00000000a7900000, 0x00000000a7900000, 0x00000000a7a00000|  0%| F|  |TAMS 0x00000000a7900000, 0x00000000a7900000| Untracked 
| 102|0x00000000a7a00000, 0x00000000a7a00000, 0x00000000a7b00000|  0%| F|  |TAMS 0x00000000a7a00000, 0x00000000a7a00000| Untracked 
| 103|0x00000000a7b00000, 0x00000000a7b00000, 0x00000000a7c00000|  0%| F|  |TAMS 0x00000000a7b00000, 0x00000000a7b00000| Untracked 
| 104|0x00000000a7c00000, 0x00000000a7c00000, 0x00000000a7d00000|  0%| F|  |TAMS 0x00000000a7c00000, 0x00000000a7c00000| Untracked 
| 105|0x00000000a7d00000, 0x00000000a7d00000, 0x00000000a7e00000|  0%| F|  |TAMS 0x00000000a7d00000, 0x00000000a7d00000| Untracked 
| 106|0x00000000a7e00000, 0x00000000a7e00000, 0x00000000a7f00000|  0%| F|  |TAMS 0x00000000a7e00000, 0x00000000a7e00000| Untracked 
| 107|0x00000000a7f00000, 0x00000000a7f00000, 0x00000000a8000000|  0%| F|  |TAMS 0x00000000a7f00000, 0x00000000a7f00000| Untracked 
| 108|0x00000000a8000000, 0x00000000a8000000, 0x00000000a8100000|  0%| F|  |TAMS 0x00000000a8000000, 0x00000000a8000000| Untracked 
| 109|0x00000000a8100000, 0x00000000a8100000, 0x00000000a8200000|  0%| F|  |TAMS 0x00000000a8100000, 0x00000000a8100000| Untracked 
| 110|0x00000000a8200000, 0x00000000a8200000, 0x00000000a8300000|  0%| F|  |TAMS 0x00000000a8200000, 0x00000000a8200000| Untracked 
| 111|0x00000000a8300000, 0x00000000a8300000, 0x00000000a8400000|  0%| F|  |TAMS 0x00000000a8300000, 0x00000000a8300000| Untracked 
| 112|0x00000000a8400000, 0x00000000a8400000, 0x00000000a8500000|  0%| F|  |TAMS 0x00000000a8400000, 0x00000000a8400000| Untracked 
| 113|0x00000000a8500000, 0x00000000a8500000, 0x00000000a8600000|  0%| F|  |TAMS 0x00000000a8500000, 0x00000000a8500000| Untracked 
| 114|0x00000000a8600000, 0x00000000a8600000, 0x00000000a8700000|  0%| F|  |TAMS 0x00000000a8600000, 0x00000000a8600000| Untracked 
| 115|0x00000000a8700000, 0x00000000a8700000, 0x00000000a8800000|  0%| F|  |TAMS 0x00000000a8700000, 0x00000000a8700000| Untracked 
| 116|0x00000000a8800000, 0x00000000a8800000, 0x00000000a8900000|  0%| F|  |TAMS 0x00000000a8800000, 0x00000000a8800000| Untracked 
| 117|0x00000000a8900000, 0x00000000a8900000, 0x00000000a8a00000|  0%| F|  |TAMS 0x00000000a8900000, 0x00000000a8900000| Untracked 
| 118|0x00000000a8a00000, 0x00000000a8a00000, 0x00000000a8b00000|  0%| F|  |TAMS 0x00000000a8a00000, 0x00000000a8a00000| Untracked 
| 119|0x00000000a8b00000, 0x00000000a8b00000, 0x00000000a8c00000|  0%| F|  |TAMS 0x00000000a8b00000, 0x00000000a8b00000| Untracked 
| 120|0x00000000a8c00000, 0x00000000a8c00000, 0x00000000a8d00000|  0%| F|  |TAMS 0x00000000a8c00000, 0x00000000a8c00000| Untracked 
| 121|0x00000000a8d00000, 0x00000000a8d00000, 0x00000000a8e00000|  0%| F|  |TAMS 0x00000000a8d00000, 0x00000000a8d00000| Untracked 
| 122|0x00000000a8e00000, 0x00000000a8e80800, 0x00000000a8f00000| 50%| E|  |TAMS 0x00000000a8e00000, 0x00000000a8e00000| Complete 
| 123|0x00000000a8f00000, 0x00000000a9000000, 0x00000000a9000000|100%| E|CS|TAMS 0x00000000a8f00000, 0x00000000a8f00000| Complete 
| 124|0x00000000a9000000, 0x00000000a9100000, 0x00000000a9100000|100%| E|CS|TAMS 0x00000000a9000000, 0x00000000a9000000| Complete 
| 125|0x00000000a9100000, 0x00000000a9200000, 0x00000000a9200000|100%| E|CS|TAMS 0x00000000a9100000, 0x00000000a9100000| Complete 
| 126|0x00000000a9200000, 0x00000000a9300000, 0x00000000a9300000|100%| E|CS|TAMS 0x00000000a9200000, 0x00000000a9200000| Complete 
| 127|0x00000000a9300000, 0x00000000a9400000, 0x00000000a9400000|100%| E|CS|TAMS 0x00000000a9300000, 0x00000000a9300000| Complete 
| 128|0x00000000a9400000, 0x00000000a9500000, 0x00000000a9500000|100%| E|CS|TAMS 0x00000000a9400000, 0x00000000a9400000| Complete 

Card table byte_map: [0x000001d7c7780000,0x000001d7c7a80000] _byte_map_base: 0x000001d7c7276000

Marking Bits (Prev, Next): (CMBitMap*) 0x000001d7b276eba8, (CMBitMap*) 0x000001d7b276ebe0
 Prev Bits: [0x000001d7c7d80000, 0x000001d7c9530000)
 Next Bits: [0x000001d7c9530000, 0x000001d7cace0000)

Polling page: 0x000001d7b2820000

Metaspace:

Usage:
  Non-class:     38.69 MB capacity,    38.41 MB (>99%) used,   217.05 KB ( <1%) free+waste,    63.31 KB ( <1%) overhead. 
      Class:      5.41 MB capacity,     5.23 MB ( 97%) used,   158.11 KB (  3%) free+waste,    27.06 KB ( <1%) overhead. 
       Both:     44.10 MB capacity,    43.64 MB ( 99%) used,   375.16 KB ( <1%) free+waste,    90.38 KB ( <1%) overhead. 

Virtual space:
  Non-class space:       40.00 MB reserved,      38.75 MB ( 97%) committed 
      Class space:        1.00 GB reserved,       5.50 MB ( <1%) committed 
             Both:        1.04 GB reserved,      44.25 MB (  4%) committed 

Chunk freelists:
   Non-Class:  63.00 KB
       Class:  28.00 KB
        Both:  91.00 KB

MaxMetaspaceSize: 17179869184.00 GB
CompressedClassSpaceSize: 1.00 GB

CodeHeap 'non-profiled nmethods': size=120000Kb used=1145Kb max_used=1145Kb free=118854Kb
 bounds [0x000001d7bf4f0000, 0x000001d7bf760000, 0x000001d7c6a20000]
CodeHeap 'profiled nmethods': size=120000Kb used=5718Kb max_used=5718Kb free=114281Kb
 bounds [0x000001d7b7fc0000, 0x000001d7b8560000, 0x000001d7bf4f0000]
CodeHeap 'non-nmethods': size=5760Kb used=1182Kb max_used=1233Kb free=4577Kb
 bounds [0x000001d7b7a20000, 0x000001d7b7c90000, 0x000001d7b7fc0000]
 total_blobs=3425 nmethods=2892 adapters=444
 compilation: enabled
              stopped_count=0, restarted_count=0
 full_count=0

Compilation events (20 events):
Event: 3.403 Thread 0x000001d7cd7ae000 nmethod 2864 0x000001d7b853d490 code [0x000001d7b853d680, 0x000001d7b853d988]
Event: 3.403 Thread 0x000001d7cd7ae000 2865       3       org.jetbrains.kotlin.com.intellij.openapi.util.io.FileUtilRt::getExtension (45 bytes)
Event: 3.403 Thread 0x000001d7cd7ae000 nmethod 2865 0x000001d7b853da90 code [0x000001d7b853dc80, 0x000001d7b853e0a8]
Event: 3.404 Thread 0x000001d7cd7ae000 2866       3       org.jetbrains.kotlin.cli.jvm.index.JvmDependenciesIndexImpl::getRoots (19 bytes)
Event: 3.404 Thread 0x000001d7cd7ae000 nmethod 2866 0x000001d7b853e210 code [0x000001d7b853e3e0, 0x000001d7b853e6a8]
Event: 3.404 Thread 0x000001d7cd7ae000 2867       1       org.jetbrains.kotlin.cli.jvm.index.JavaRoot::getPrefixFqName (5 bytes)
Event: 3.404 Thread 0x000001d7cd7ae000 nmethod 2867 0x000001d7bf607390 code [0x000001d7bf607540, 0x000001d7bf6075f8]
Event: 3.404 Thread 0x000001d7cd7ae000 2868       1       org.jetbrains.kotlin.com.intellij.ide.highlighter.JavaClassFileType::getDefaultExtension (3 bytes)
Event: 3.404 Thread 0x000001d7cd7ae000 nmethod 2868 0x000001d7bf607690 code [0x000001d7bf607840, 0x000001d7bf6078f8]
Event: 3.404 Thread 0x000001d7cd7ae000 2869       1       org.jetbrains.kotlin.cli.jvm.index.JvmDependenciesIndexImpl$Cache::getRootIndices (5 bytes)
Event: 3.404 Thread 0x000001d7cd7ae000 nmethod 2869 0x000001d7bf607990 code [0x000001d7bf607b40, 0x000001d7bf607bf8]
Event: 3.405 Thread 0x000001d7cd7ae000 2870       1       org.jetbrains.kotlin.load.java.lazy.JavaResolverComponents::getStorageManager (5 bytes)
Event: 3.405 Thread 0x000001d7cd7ae000 nmethod 2870 0x000001d7bf607c90 code [0x000001d7bf607e40, 0x000001d7bf607ef8]
Event: 3.418 Thread 0x000001d7cd7ae000 2874       3       jdk.internal.org.objectweb.asm.AnnotationVisitor::<init> (35 bytes)
Event: 3.418 Thread 0x000001d7cd7ae000 nmethod 2874 0x000001d7b853e790 code [0x000001d7b853e960, 0x000001d7b853ec48]
Event: 3.418 Thread 0x000001d7cd7ae000 2875       3       java.lang.invoke.InnerClassLambdaMetafactory::getOpcodeOffset (38 bytes)
Event: 3.419 Thread 0x000001d7cd7ae000 nmethod 2875 0x000001d7b853ed90 code [0x000001d7b853ef60, 0x000001d7b853f1d8]
Event: 3.420 Thread 0x000001d7cd7ae000 2876       1       org.jetbrains.kotlin.cli.jvm.index.JvmDependenciesIndexImpl$TraverseRequest::getPackageFqName (5 bytes)
Event: 3.420 Thread 0x000001d7cd7ae000 nmethod 2876 0x000001d7bf608590 code [0x000001d7bf608740, 0x000001d7bf6087f8]
Event: 3.420 Thread 0x000001d7cd7ae000 2877       3       org.jetbrains.kotlin.cli.jvm.index.JvmDependenciesIndexImpl::findChildPackage (180 bytes)

GC Heap History (10 events):
Event: 0.674 GC heap before
{Heap before GC invocations=0 (full 0):
 garbage-first heap   total 98304K, used 27647K [0x00000000a1400000, 0x0000000100000000)
  region size 1024K, 24 young (24576K), 0 survivors (0K)
 Metaspace       used 12293K, capacity 12341K, committed 12544K, reserved 1060864K
  class space    used 1155K, capacity 1174K, committed 1280K, reserved 1048576K
}
Event: 0.680 GC heap after
{Heap after GC invocations=1 (full 0):
 garbage-first heap   total 98304K, used 5720K [0x00000000a1400000, 0x0000000100000000)
  region size 1024K, 3 young (3072K), 3 survivors (3072K)
 Metaspace       used 12293K, capacity 12341K, committed 12544K, reserved 1060864K
  class space    used 1155K, capacity 1174K, committed 1280K, reserved 1048576K
}
Event: 1.381 GC heap before
{Heap before GC invocations=1 (full 0):
 garbage-first heap   total 98304K, used 42584K [0x00000000a1400000, 0x0000000100000000)
  region size 1024K, 40 young (40960K), 3 survivors (3072K)
 Metaspace       used 20939K, capacity 21148K, committed 21248K, reserved 1069056K
  class space    used 2213K, capacity 2278K, committed 2304K, reserved 1048576K
}
Event: 1.404 GC heap after
{Heap after GC invocations=2 (full 0):
 garbage-first heap   total 98304K, used 9550K [0x00000000a1400000, 0x0000000100000000)
  region size 1024K, 7 young (7168K), 7 survivors (7168K)
 Metaspace       used 20939K, capacity 21148K, committed 21248K, reserved 1069056K
  class space    used 2213K, capacity 2278K, committed 2304K, reserved 1048576K
}
Event: 2.260 GC heap before
{Heap before GC invocations=3 (full 0):
 garbage-first heap   total 98304K, used 65870K [0x00000000a1400000, 0x0000000100000000)
  region size 1024K, 50 young (51200K), 7 survivors (7168K)
 Metaspace       used 30196K, capacity 30629K, committed 30976K, reserved 1077248K
  class space    used 3571K, capacity 3727K, committed 3840K, reserved 1048576K
}
Event: 2.284 GC heap after
{Heap after GC invocations=4 (full 0):
 garbage-first heap   total 98304K, used 23621K [0x00000000a1400000, 0x0000000100000000)
  region size 1024K, 6 young (6144K), 6 survivors (6144K)
 Metaspace       used 30196K, capacity 30629K, committed 30976K, reserved 1077248K
  class space    used 3571K, capacity 3727K, committed 3840K, reserved 1048576K
}
Event: 2.635 GC heap before
{Heap before GC invocations=4 (full 0):
 garbage-first heap   total 98304K, used 43077K [0x00000000a1400000, 0x0000000100000000)
  region size 1024K, 26 young (26624K), 6 survivors (6144K)
 Metaspace       used 35011K, capacity 35446K, committed 35584K, reserved 1081344K
  class space    used 4322K, capacity 4501K, committed 4608K, reserved 1048576K
}
Event: 2.654 GC heap after
{Heap after GC invocations=5 (full 0):
 garbage-first heap   total 98304K, used 25344K [0x00000000a1400000, 0x0000000100000000)
  region size 1024K, 2 young (2048K), 2 survivors (2048K)
 Metaspace       used 35011K, capacity 35446K, committed 35584K, reserved 1081344K
  class space    used 4322K, capacity 4501K, committed 4608K, reserved 1048576K
}
Event: 3.284 GC heap before
{Heap before GC invocations=6 (full 0):
 garbage-first heap   total 98304K, used 64256K [0x00000000a1400000, 0x0000000100000000)
  region size 1024K, 40 young (40960K), 2 survivors (2048K)
 Metaspace       used 43227K, capacity 43687K, committed 43776K, reserved 1087488K
  class space    used 5181K, capacity 5369K, committed 5376K, reserved 1048576K
}
Event: 3.293 GC heap after
{Heap after GC invocations=7 (full 0):
 garbage-first heap   total 132096K, used 28186K [0x00000000a1400000, 0x0000000100000000)
  region size 1024K, 5 young (5120K), 5 survivors (5120K)
 Metaspace       used 43227K, capacity 43687K, committed 43776K, reserved 1087488K
  class space    used 5181K, capacity 5369K, committed 5376K, reserved 1048576K
}

Deoptimization events (20 events):
Event: 3.322 Thread 0x000001d7b2738800 Uncommon trap: trap_request=0xffffffc6 fr.pc=0x000001d7bf5a5598 relative=0x00000000000014f8
Event: 3.322 Thread 0x000001d7b2738800 Uncommon trap: reason=bimorphic_or_optimized_type_check action=maybe_recompile pc=0x000001d7bf5a5598 method=java.util.zip.ZipFile.getZipEntry(Ljava/lang/String;[BILjava/util/function/Function;)Ljava/util/zip/ZipEntry; @ 108 c2
Event: 3.322 Thread 0x000001d7b2738800 DEOPT PACKING pc=0x000001d7bf5a5598 sp=0x0000009178cfb950
Event: 3.322 Thread 0x000001d7b2738800 DEOPT UNPACKING pc=0x000001d7b7a478af sp=0x0000009178cfb908 mode 2
Event: 3.378 Thread 0x000001d7b2738800 Uncommon trap: trap_request=0xffffffc6 fr.pc=0x000001d7bf5d24d4 relative=0x0000000000000094
Event: 3.378 Thread 0x000001d7b2738800 Uncommon trap: reason=bimorphic_or_optimized_type_check action=maybe_recompile pc=0x000001d7bf5d24d4 method=java.util.AbstractList$Itr.hasNext()Z @ 8 c2
Event: 3.378 Thread 0x000001d7b2738800 DEOPT PACKING pc=0x000001d7bf5d24d4 sp=0x0000009178cfcb00
Event: 3.378 Thread 0x000001d7b2738800 DEOPT UNPACKING pc=0x000001d7b7a478af sp=0x0000009178cfca98 mode 2
Event: 3.378 Thread 0x000001d7b2738800 Uncommon trap: trap_request=0xffffffc6 fr.pc=0x000001d7bf5d24d4 relative=0x0000000000000094
Event: 3.378 Thread 0x000001d7b2738800 Uncommon trap: reason=bimorphic_or_optimized_type_check action=maybe_recompile pc=0x000001d7bf5d24d4 method=java.util.AbstractList$Itr.hasNext()Z @ 8 c2
Event: 3.378 Thread 0x000001d7b2738800 DEOPT PACKING pc=0x000001d7bf5d24d4 sp=0x0000009178cfcb00
Event: 3.378 Thread 0x000001d7b2738800 DEOPT UNPACKING pc=0x000001d7b7a478af sp=0x0000009178cfca98 mode 2
Event: 3.394 Thread 0x000001d7b2738800 Uncommon trap: trap_request=0xffffffc6 fr.pc=0x000001d7bf5a5598 relative=0x00000000000014f8
Event: 3.394 Thread 0x000001d7b2738800 Uncommon trap: reason=bimorphic_or_optimized_type_check action=maybe_recompile pc=0x000001d7bf5a5598 method=java.util.zip.ZipFile.getZipEntry(Ljava/lang/String;[BILjava/util/function/Function;)Ljava/util/zip/ZipEntry; @ 108 c2
Event: 3.394 Thread 0x000001d7b2738800 DEOPT PACKING pc=0x000001d7bf5a5598 sp=0x0000009178cfc110
Event: 3.394 Thread 0x000001d7b2738800 DEOPT UNPACKING pc=0x000001d7b7a478af sp=0x0000009178cfc0c8 mode 2
Event: 3.404 Thread 0x000001d7b2738800 Uncommon trap: trap_request=0xffffffc6 fr.pc=0x000001d7bf5a5598 relative=0x00000000000014f8
Event: 3.404 Thread 0x000001d7b2738800 Uncommon trap: reason=bimorphic_or_optimized_type_check action=maybe_recompile pc=0x000001d7bf5a5598 method=java.util.zip.ZipFile.getZipEntry(Ljava/lang/String;[BILjava/util/function/Function;)Ljava/util/zip/ZipEntry; @ 108 c2
Event: 3.404 Thread 0x000001d7b2738800 DEOPT PACKING pc=0x000001d7bf5a5598 sp=0x0000009178cfbba0
Event: 3.404 Thread 0x000001d7b2738800 DEOPT UNPACKING pc=0x000001d7b7a478af sp=0x0000009178cfbb58 mode 2

Classes redefined (0 events):
No events

Internal exceptions (20 events):
Event: 1.340 Thread 0x000001d7b2738800 Exception <a 'java/lang/NoSuchMethodError'{0x00000000a4f62520}: 'long java.lang.invoke.DirectMethodHandle$Holder.invokeStaticInit(java.lang.Object)'> (0x00000000a4f62520) thrown at [./src/hotspot/share/interpreter/linkResolver.cpp, line 773]
Event: 1.415 Thread 0x000001d7b2738800 Exception <a 'java/lang/NoSuchMethodError'{0x00000000a7354248}: 'int java.lang.invoke.DirectMethodHandle$Holder.invokeStaticInit(java.lang.Object, java.lang.Object, java.lang.Object)'> (0x00000000a7354248) thrown at [./src/hotspot/share/interpreter/linkResolver.cpp, line 773]
Event: 1.419 Thread 0x000001d7b2738800 Exception <a 'java/lang/NoSuchMethodError'{0x00000000a73801d8}: 'int java.lang.invoke.DirectMethodHandle$Holder.invokeStaticInit(java.lang.Object, java.lang.Object)'> (0x00000000a73801d8) thrown at [./src/hotspot/share/interpreter/linkResolver.cpp, line 773]
Event: 1.642 Thread 0x000001d7b2738800 Exception <a 'java/lang/NoSuchMethodError'{0x00000000a6935580}: 'java.lang.Object java.lang.invoke.DirectMethodHandle$Holder.invokeStatic(java.lang.Object, java.lang.Object, java.lang.Object, java.lang.Object, java.lang.Object, java.lang.Object, java.lang.Object, java.lang.Object, java.lang.Object, java.lang.Object, java.lang.Object, java.lang.Object, java.lang.Object, java.lang.Object, java.lang.Object)'> (0x00000000a6935580) thrown at [./src/hotspot/share/interpreter/linkResolver.cpp, line 773]
Event: 1.643 Thread 0x000001d7b2738800 Exception <a 'java/lang/NoSuchMethodError'{0x00000000a6943920}: 'java.lang.Object java.lang.invoke.DirectMethodHandle$Holder.invokeStatic(java.lang.Object, java.lang.Object, java.lang.Object, java.lang.Object, java.lang.Object, java.lang.Object, java.lang.Object, java.lang.Object, java.lang.Object, java.lang.Object, java.lang.Object, java.lang.Object, java.lang.Object, java.lang.Object, java.lang.Object, java.lang.Object)'> (0x00000000a6943920) thrown at [./src/hotspot/share/interpreter/linkResolver.cpp, l
Event: 1.645 Thread 0x000001d7b2738800 Exception <a 'java/lang/NoSuchMethodError'{0x00000000a6951838}: 'java.lang.Object java.lang.invoke.DirectMethodHandle$Holder.invokeSpecial(java.lang.Object, java.lang.Object, int, int, java.lang.Object, java.lang.Object, java.lang.Object)'> (0x00000000a6951838) thrown at [./src/hotspot/share/interpreter/linkResolver.cpp, line 773]
Event: 1.645 Thread 0x000001d7b2738800 Exception <a 'java/lang/NoSuchMethodError'{0x00000000a6955070}: 'java.lang.Object java.lang.invoke.DelegatingMethodHandle$Holder.reinvoke_L(java.lang.Object, int, int, java.lang.Object, java.lang.Object, java.lang.Object)'> (0x00000000a6955070) thrown at [./src/hotspot/share/interpreter/linkResolver.cpp, line 773]
Event: 1.646 Thread 0x000001d7b2738800 Exception <a 'java/lang/NoSuchMethodError'{0x00000000a69593f8}: 'java.lang.Object java.lang.invoke.DirectMethodHandle$Holder.invokeStatic(java.lang.Object, java.lang.Object, java.lang.Object, java.lang.Object, int)'> (0x00000000a69593f8) thrown at [./src/hotspot/share/interpreter/linkResolver.cpp, line 773]
Event: 1.689 Thread 0x000001d7b2738800 Implicit null exception at 0x000001d7bf576a2c to 0x000001d7bf576bda
Event: 1.734 Thread 0x000001d7b2738800 Exception <a 'java/lang/NoSuchMethodError'{0x00000000a64d4728}: 'void java.lang.invoke.DirectMethodHandle$Holder.invokeStatic(java.lang.Object, java.lang.Object, java.lang.Object, java.lang.Object)'> (0x00000000a64d4728) thrown at [./src/hotspot/share/interpreter/linkResolver.cpp, line 773]
Event: 1.755 Thread 0x000001d7b2738800 Exception <a 'java/lang/NoSuchMethodError'{0x00000000a62261a8}: 'void java.lang.invoke.DirectMethodHandle$Holder.invokeSpecial(java.lang.Object, java.lang.Object)'> (0x00000000a62261a8) thrown at [./src/hotspot/share/interpreter/linkResolver.cpp, line 773]
Event: 1.795 Thread 0x000001d7b2738800 Exception <a 'java/lang/NoSuchMethodError'{0x00000000a60cbfa0}: 'void java.lang.invoke.DirectMethodHandle$Holder.invokeStaticInit(java.lang.Object, java.lang.Object)'> (0x00000000a60cbfa0) thrown at [./src/hotspot/share/interpreter/linkResolver.cpp, line 773]
Event: 1.803 Thread 0x000001d7b2738800 Exception <a 'java/lang/NoSuchMethodError'{0x00000000a5f0ad70}: 'void java.lang.invoke.DirectMethodHandle$Holder.invokeInterface(java.lang.Object, java.lang.Object)'> (0x00000000a5f0ad70) thrown at [./src/hotspot/share/interpreter/linkResolver.cpp, line 773]
Event: 1.889 Thread 0x000001d7b2738800 Exception <a 'java/lang/NoSuchMethodError'{0x00000000a5b29838}: 'void java.lang.invoke.DirectMethodHandle$Holder.invokeVirtual(java.lang.Object, java.lang.Object)'> (0x00000000a5b29838) thrown at [./src/hotspot/share/interpreter/linkResolver.cpp, line 773]
Event: 1.899 Thread 0x000001d7b2738800 Exception <a 'java/lang/NoSuchMethodError'{0x00000000a5ba14a0}: 'int java.lang.invoke.DirectMethodHandle$Holder.invokeVirtual(java.lang.Object, java.lang.Object)'> (0x00000000a5ba14a0) thrown at [./src/hotspot/share/interpreter/linkResolver.cpp, line 773]
Event: 2.563 Thread 0x000001d7b2738800 Exception <a 'java/lang/NoSuchMethodError'{0x00000000a6467368}: 'java.lang.Object java.lang.invoke.DirectMethodHandle$Holder.invokeVirtual(java.lang.Object, java.lang.Object, java.lang.Object)'> (0x00000000a6467368) thrown at [./src/hotspot/share/interpreter/linkResolver.cpp, line 773]
Event: 3.226 Thread 0x000001d7b2738800 Exception <a 'java/lang/NoSuchMethodError'{0x00000000a4e29e00}: 'java.lang.Object java.lang.invoke.DirectMethodHandle$Holder.invokeStatic(java.lang.Object, java.lang.Object, java.lang.Object, int)'> (0x00000000a4e29e00) thrown at [./src/hotspot/share/interpreter/linkResolver.cpp, line 773]
Event: 3.226 Thread 0x000001d7b2738800 Exception <a 'java/lang/NoSuchMethodError'{0x00000000a4e2da70}: 'java.lang.Object java.lang.invoke.DirectMethodHandle$Holder.invokeSpecial(java.lang.Object, java.lang.Object, java.lang.Object, java.lang.Object, int)'> (0x00000000a4e2da70) thrown at [./src/hotspot/share/interpreter/linkResolver.cpp, line 773]
Event: 3.227 Thread 0x000001d7b2738800 Exception <a 'java/lang/NoSuchMethodError'{0x00000000a4e30d80}: 'java.lang.Object java.lang.invoke.Invokers$Holder.linkToTargetMethod(java.lang.Object, java.lang.Object, int, java.lang.Object)'> (0x00000000a4e30d80) thrown at [./src/hotspot/share/interpreter/linkResolver.cpp, line 773]
Event: 3.409 Thread 0x000001d7b2738800 Exception <a 'java/lang/NoSuchMethodError'{0x00000000a90e8480}: 'java.lang.Object java.lang.invoke.Invokers$Holder.linkToTargetMethod(java.lang.Object, int, java.lang.Object)'> (0x00000000a90e8480) thrown at [./src/hotspot/share/interpreter/linkResolver.cpp, line 773]

Events (20 events):
Event: 3.416 loading class org/jetbrains/kotlin/com/intellij/openapi/roots/ProjectRootModificationTracker
Event: 3.416 loading class org/jetbrains/kotlin/com/intellij/openapi/roots/ProjectRootModificationTracker done
Event: 3.416 loading class org/jetbrains/kotlin/name/State
Event: 3.416 loading class org/jetbrains/kotlin/name/State done
Event: 3.417 loading class org/jetbrains/kotlin/name/FqNamesUtilKt$WhenMappings
Event: 3.417 loading class org/jetbrains/kotlin/name/FqNamesUtilKt$WhenMappings done
Event: 3.417 loading class org/jetbrains/kotlin/com/intellij/lang/jvm/JvmTypeParameter
Event: 3.417 loading class org/jetbrains/kotlin/com/intellij/lang/jvm/JvmTypeParameter done
Event: 3.418 loading class org/jetbrains/kotlin/com/intellij/psi/PsiClass
Event: 3.418 loading class org/jetbrains/kotlin/com/intellij/psi/PsiClass done
Event: 3.418 loading class org/jetbrains/kotlin/com/intellij/psi/PsiClass
Event: 3.418 loading class org/jetbrains/kotlin/com/intellij/psi/PsiClass done
Event: 3.418 loading class org/jetbrains/kotlin/com/intellij/util/ArrayFactory
Event: 3.418 loading class org/jetbrains/kotlin/com/intellij/util/ArrayFactory done
Event: 3.418 loading class org/jetbrains/kotlin/cli/jvm/compiler/KotlinCliJavaFileManagerImpl$findClasses$1
Event: 3.418 loading class org/jetbrains/kotlin/cli/jvm/compiler/KotlinCliJavaFileManagerImpl$findClasses$1 done
Event: 3.419 loading class org/jetbrains/kotlin/cli/jvm/compiler/KotlinCliJavaFileManagerImplKt$toSafeTopLevelClassId$1
Event: 3.419 loading class org/jetbrains/kotlin/cli/jvm/compiler/KotlinCliJavaFileManagerImplKt$toSafeTopLevelClassId$1 done
Event: 3.419 loading class org/jetbrains/kotlin/cli/jvm/compiler/KotlinCliJavaFileManagerImpl$findClasses$1$1$1
Event: 3.419 loading class org/jetbrains/kotlin/cli/jvm/compiler/KotlinCliJavaFileManagerImpl$findClasses$1$1$1 done


Dynamic libraries:
0x00007ff6ec0a0000 - 0x00007ff6ec0aa000 	C:\Program Files\Android\Android Studio\jre\bin\java.exe
0x00007ff82acb0000 - 0x00007ff82aea5000 	C:\WINDOWS\SYSTEM32\ntdll.dll
0x00007ff829820000 - 0x00007ff8298de000 	C:\WINDOWS\System32\KERNEL32.DLL
0x00007ff828590000 - 0x00007ff828859000 	C:\WINDOWS\System32\KERNELBASE.dll
0x00007ff828860000 - 0x00007ff828960000 	C:\WINDOWS\System32\ucrtbase.dll
0x00007ff8171b0000 - 0x00007ff8171c9000 	C:\Program Files\Android\Android Studio\jre\bin\jli.dll
0x00007ff817190000 - 0x00007ff8171a7000 	C:\Program Files\Android\Android Studio\jre\bin\VCRUNTIME140.dll
0x00007ff8298e0000 - 0x00007ff829a81000 	C:\WINDOWS\System32\USER32.dll
0x00007ff828530000 - 0x00007ff828552000 	C:\WINDOWS\System32\win32u.dll
0x00007ff811b50000 - 0x00007ff811dea000 	C:\WINDOWS\WinSxS\amd64_microsoft.windows.common-controls_6595b64144ccf1df_6.0.19041.1110_none_60b5254171f9507e\COMCTL32.dll
0x00007ff829d00000 - 0x00007ff829d2b000 	C:\WINDOWS\System32\GDI32.dll
0x00007ff82ab60000 - 0x00007ff82abfe000 	C:\WINDOWS\System32\msvcrt.dll
0x00007ff8289c0000 - 0x00007ff828acb000 	C:\WINDOWS\System32\gdi32full.dll
0x00007ff828c60000 - 0x00007ff828cfd000 	C:\WINDOWS\System32\msvcp_win.dll
0x00007ff828d90000 - 0x00007ff828dc0000 	C:\WINDOWS\System32\IMM32.DLL
0x00007ff8032c0000 - 0x00007ff80335d000 	C:\Program Files\Android\Android Studio\jre\bin\msvcp140.dll
0x00007fffb0060000 - 0x00007fffb0b2f000 	C:\Program Files\Android\Android Studio\jre\bin\server\jvm.dll
0x00007ff828ed0000 - 0x00007ff828f7c000 	C:\WINDOWS\System32\ADVAPI32.dll
0x00007ff829300000 - 0x00007ff82939b000 	C:\WINDOWS\System32\sechost.dll
0x00007ff828f80000 - 0x00007ff8290aa000 	C:\WINDOWS\System32\RPCRT4.dll
0x00007ff828dc0000 - 0x00007ff828dc8000 	C:\WINDOWS\System32\PSAPI.DLL
0x00007ff81e880000 - 0x00007ff81e8a7000 	C:\WINDOWS\SYSTEM32\WINMM.dll
0x00007ff812f60000 - 0x00007ff812f69000 	C:\WINDOWS\SYSTEM32\WSOCK32.dll
0x00007ff820dd0000 - 0x00007ff820dda000 	C:\WINDOWS\SYSTEM32\VERSION.dll
0x00007ff829d90000 - 0x00007ff829dfb000 	C:\WINDOWS\System32\WS2_32.dll
0x00007ff8262d0000 - 0x00007ff8262e2000 	C:\WINDOWS\SYSTEM32\kernel.appcore.dll
0x00007ffffe640000 - 0x00007ffffe651000 	C:\Program Files\Android\Android Studio\jre\bin\verify.dll
0x00007ff816400000 - 0x00007ff8165e4000 	C:\WINDOWS\SYSTEM32\DBGHELP.DLL
0x00007ff8122f0000 - 0x00007ff81231c000 	C:\WINDOWS\SYSTEM32\dbgcore.DLL
0x00007ff828bd0000 - 0x00007ff828c53000 	C:\WINDOWS\System32\bcryptPrimitives.dll
0x00007ffff72c0000 - 0x00007ffff72e9000 	C:\Program Files\Android\Android Studio\jre\bin\java.dll
0x00007ff812f30000 - 0x00007ff812f3b000 	C:\Program Files\Android\Android Studio\jre\bin\jimage.dll
0x00007ffffe5c0000 - 0x00007ffffe5d8000 	C:\Program Files\Android\Android Studio\jre\bin\zip.dll
0x00007ff829e60000 - 0x00007ff82a59f000 	C:\WINDOWS\System32\SHELL32.dll
0x00007ff8264d0000 - 0x00007ff826c60000 	C:\WINDOWS\SYSTEM32\windows.storage.dll
0x00007ff82a800000 - 0x00007ff82ab55000 	C:\WINDOWS\System32\combase.dll
0x00007ff827d50000 - 0x00007ff827d7c000 	C:\WINDOWS\SYSTEM32\Wldp.dll
0x00007ff82a750000 - 0x00007ff82a7fe000 	C:\WINDOWS\System32\SHCORE.dll
0x00007ff82ac00000 - 0x00007ff82ac55000 	C:\WINDOWS\System32\shlwapi.dll
0x00007ff828310000 - 0x00007ff82832f000 	C:\WINDOWS\SYSTEM32\profapi.dll
0x00007ffffd430000 - 0x00007ffffd44a000 	C:\Program Files\Android\Android Studio\jre\bin\net.dll
0x00007ff8154c0000 - 0x00007ff8155c8000 	C:\WINDOWS\SYSTEM32\WINHTTP.dll
0x00007ff827ab0000 - 0x00007ff827b1a000 	C:\WINDOWS\system32\mswsock.dll
0x00007ffff7510000 - 0x00007ffff7524000 	C:\Program Files\Android\Android Studio\jre\bin\nio.dll

dbghelp: loaded successfully - version: 4.0.5 - missing functions: none
symbol engine: initialized successfully - sym options: 0x614 - pdb path: .;C:\Program Files\Android\Android Studio\jre\bin;C:\WINDOWS\SYSTEM32;C:\WINDOWS\WinSxS\amd64_microsoft.windows.common-controls_6595b64144ccf1df_6.0.19041.1110_none_60b5254171f9507e;C:\Program Files\Android\Android Studio\jre\bin\server

VM Arguments:
java_command: org.jetbrains.kotlin.cli.jvm.K2JVMCompiler @E:\my programming\android projects\lifetime calculator\app\build\20211004_10612186843330736380.compiler.options
java_class_path (initial): C:\Users\souvik dey\.gradle\caches\modules-2\files-2.1\org.jetbrains.kotlin\kotlin-compiler-embeddable\1.5.30\3362a354066df1578a057c200da23cf2a1d8144f\kotlin-compiler-embeddable-1.5.30.jar;C:\Users\souvik dey\.gradle\caches\modules-2\files-2.1\org.jetbrains.kotlin\kotlin-reflect\1.5.30\6773e974437dd6432aa646cc2f8ab71de42b5773\kotlin-reflect-1.5.30.jar;C:\Users\souvik dey\.gradle\caches\modules-2\files-2.1\org.jetbrains.kotlin\kotlin-stdlib\1.5.30\d68efdea04955974ac1020f8f66ef8176bfbce1f\kotlin-stdlib-1.5.30.jar;C:\Users\souvik dey\.gradle\caches\modules-2\files-2.1\org.jetbrains.kotlin\kotlin-script-runtime\1.5.30\10697ab20bfd2f1b23baa91306950c36c4e89a8d\kotlin-script-runtime-1.5.30.jar;C:\Users\souvik dey\.gradle\caches\modules-2\files-2.1\org.jetbrains.kotlin\kotlin-daemon-embeddable\1.5.30\e355dc9011e559a475608265607948109e113ae0\kotlin-daemon-embeddable-1.5.30.jar;C:\Users\souvik dey\.gradle\caches\modules-2\files-2.1\org.jetbrains.intellij.deps\trove4j\1.0.20181211\216c2e14b070f334479d800987affe4054cd563f\trove4j-1.0.20181211.jar;C:\Users\souvik dey\.gradle\caches\modules-2\files-2.1\org.jetbrains\annotations\13.0\919f0dfe192fb4e063e7dacadee7f8bb9a2672a9\annotations-13.0.jar;C:\Users\souvik dey\.gradle\caches\modules-2\files-2.1\org.jetbrains.kotlin\kotlin-stdlib-common\1.5.30\649ffab7767038323fec0cc41e2d7b0a8f65a378\kotlin-stdlib-common-1.5.30.jar
Launcher Type: SUN_STANDARD

[Global flags]
     intx CICompilerCount                          = 4                                         {product} {ergonomic}
     uint ConcGCThreads                            = 2                                         {product} {ergonomic}
     uint G1ConcRefinementThreads                  = 8                                         {product} {ergonomic}
   size_t G1HeapRegionSize                         = 1048576                                   {product} {ergonomic}
    uintx GCDrainStackTargetSize                   = 64                                        {product} {ergonomic}
   size_t InitialHeapSize                          = 100663296                                 {product} {ergonomic}
   size_t MarkStackSize                            = 4194304                                   {product} {ergonomic}
   size_t MaxHeapSize                              = 1589641216                                {product} {ergonomic}
   size_t MaxNewSize                               = 953155584                                 {product} {ergonomic}
   size_t MinHeapDeltaBytes                        = 1048576                                   {product} {ergonomic}
    uintx NonNMethodCodeHeapSize                   = 5836300                                {pd product} {ergonomic}
    uintx NonProfiledCodeHeapSize                  = 122910970                              {pd product} {ergonomic}
    uintx ProfiledCodeHeapSize                     = 122910970                              {pd product} {ergonomic}
    uintx ReservedCodeCacheSize                    = 251658240                              {pd product} {ergonomic}
     bool SegmentedCodeCache                       = true                                      {product} {ergonomic}
     bool UseCompressedClassPointers               = true                                 {lp64_product} {ergonomic}
     bool UseCompressedOops                        = true                                 {lp64_product} {ergonomic}
     bool UseG1GC                                  = true                                      {product} {ergonomic}
     bool UseLargePagesIndividualAllocation        = false                                  {pd product} {ergonomic}

Logging:
Log output configuration:
 #0: stdout all=warning uptime,level,tags
 #1: stderr all=off uptime,level,tags

Environment Variables:
PATH=C:\python 3.9.1\Scripts\;C:\python 3.9.1\;C:\WINDOWS\system32;C:\WINDOWS;C:\WINDOWS\System32\Wbem;C:\WINDOWS\System32\WindowsPowerShell\v1.0\;C:\WINDOWS\System32\OpenSSH\;C:\MinGW\bin;C:\Users\souvik dey\AppData\Local\Microsoft\WindowsApps;C:\Users\souvik dey\AppData\Local\atom\bin
USERNAME=souvik dey
OS=Windows_NT
PROCESSOR_IDENTIFIER=AMD64 Family 23 Model 24 Stepping 1, AuthenticAMD



---------------  S Y S T E M  ---------------

OS: Windows 10 , 64 bit Build 19041 (10.0.19041.1202)
OS uptime: 15 days 9:33 hours

CPU:total 8 (initial active 8) (8 cores per cpu, 2 threads per core) family 23 model 24 stepping 1 microcode 0x0, cmov, cx8, fxsr, mmx, sse, sse2, sse3, ssse3, sse4.1, sse4.2, popcnt, avx, avx2, aes, clmul, mmxext, 3dnowpref, lzcnt, sse4a, ht, tsc, tscinvbit, tscinv, bmi1, bmi2, adx, s

Memory: 4k page, system-wide physical 6058M (410M free)
TotalPageFile size 24490M (AvailPageFile size 4M)
current process WorkingSet (physical memory assigned to process): 223M, peak: 223M
current process commit charge ("private bytes"): 306M, peak: 307M

vm_info: OpenJDK 64-Bit Server VM (11.0.10+0-b96-7249189) for windows-amd64 JRE (11.0.10+0-b96-7249189), built on Mar 31 2021 21:44:00 by "builder" with MS VC++ 14.0 (VS2015)

END.
